2025-03-20T09:05:35.911+09:00  INFO 13820 --- [greendae_personal] [restartedMain] k.c.g.GreendaePersonalApplication        : Starting GreendaePersonalApplication using Java 17.0.12 with PID 13820 (C:\Users\lotte6_SpringProject\Desktop\Workspace\greendae_personal\greendae_personal\build\classes\java\main started by lotte6_SpringProject in C:\Users\lotte6_SpringProject\Desktop\Workspace\greendae_personal\greendae_personal)
2025-03-20T09:05:35.916+09:00  INFO 13820 --- [greendae_personal] [restartedMain] k.c.g.GreendaePersonalApplication        : No active profile set, falling back to 1 default profile: "default"
2025-03-20T09:05:35.954+09:00  INFO 13820 --- [greendae_personal] [restartedMain] .e.DevToolsPropertyDefaultsPostProcessor : Devtools property defaults active! Set 'spring.devtools.add-properties' to 'false' to disable
2025-03-20T09:05:35.955+09:00  INFO 13820 --- [greendae_personal] [restartedMain] .e.DevToolsPropertyDefaultsPostProcessor : For additional web related logging consider setting the 'logging.level.web' property to 'DEBUG'
2025-03-20T09:05:36.585+09:00  INFO 13820 --- [greendae_personal] [restartedMain] .s.d.r.c.RepositoryConfigurationDelegate : Bootstrapping Spring Data JPA repositories in DEFAULT mode.
2025-03-20T09:05:36.598+09:00  INFO 13820 --- [greendae_personal] [restartedMain] .s.d.r.c.RepositoryConfigurationDelegate : Finished Spring Data repository scanning in 3 ms. Found 0 JPA repository interfaces.
2025-03-20T09:05:36.722+09:00  WARN 13820 --- [greendae_personal] [restartedMain] o.m.s.mapper.ClassPathMapperScanner      : No MyBatis mapper was found in '[kr.co.greendae_personal]' package. Please check your configuration.
2025-03-20T09:05:37.110+09:00  INFO 13820 --- [greendae_personal] [restartedMain] o.s.b.w.embedded.tomcat.TomcatWebServer  : Tomcat initialized with port 8080 (http)
2025-03-20T09:05:37.121+09:00  INFO 13820 --- [greendae_personal] [restartedMain] o.apache.catalina.core.StandardService   : Starting service [Tomcat]
2025-03-20T09:05:37.121+09:00  INFO 13820 --- [greendae_personal] [restartedMain] o.apache.catalina.core.StandardEngine    : Starting Servlet engine: [Apache Tomcat/10.1.36]
2025-03-20T09:05:37.163+09:00  INFO 13820 --- [greendae_personal] [restartedMain] o.a.c.c.C.[.[localhost].[/greendae]      : Initializing Spring embedded WebApplicationContext
2025-03-20T09:05:37.164+09:00  INFO 13820 --- [greendae_personal] [restartedMain] w.s.c.ServletWebServerApplicationContext : Root WebApplicationContext: initialization completed in 1209 ms
2025-03-20T09:05:37.316+09:00  INFO 13820 --- [greendae_personal] [restartedMain] o.hibernate.jpa.internal.util.LogHelper  : HHH000204: Processing PersistenceUnitInfo [name: default]
2025-03-20T09:05:37.383+09:00  INFO 13820 --- [greendae_personal] [restartedMain] org.hibernate.Version                    : HHH000412: Hibernate ORM core version 6.6.8.Final
2025-03-20T09:05:37.419+09:00  INFO 13820 --- [greendae_personal] [restartedMain] o.h.c.internal.RegionFactoryInitiator    : HHH000026: Second-level cache disabled
2025-03-20T09:05:37.722+09:00  INFO 13820 --- [greendae_personal] [restartedMain] o.s.o.j.p.SpringPersistenceUnitInfo      : No LoadTimeWeaver setup: ignoring JPA class transformer
2025-03-20T09:05:37.754+09:00  INFO 13820 --- [greendae_personal] [restartedMain] com.zaxxer.hikari.HikariDataSource       : HikariPool-1 - Starting...
2025-03-20T09:05:38.076+09:00  INFO 13820 --- [greendae_personal] [restartedMain] com.zaxxer.hikari.pool.HikariPool        : HikariPool-1 - Added connection com.mysql.cj.jdbc.ConnectionImpl@39c18331
2025-03-20T09:05:38.078+09:00  INFO 13820 --- [greendae_personal] [restartedMain] com.zaxxer.hikari.HikariDataSource       : HikariPool-1 - Start completed.
2025-03-20T09:05:38.130+09:00  WARN 13820 --- [greendae_personal] [restartedMain] org.hibernate.orm.deprecation            : HHH90000025: MySQLDialect does not need to be specified explicitly using 'hibernate.dialect' (remove the property setting and it will be selected by default)
2025-03-20T09:05:38.147+09:00  INFO 13820 --- [greendae_personal] [restartedMain] org.hibernate.orm.connections.pooling    : HHH10001005: Database info:
	Database JDBC URL [Connecting through datasource 'HikariDataSource (HikariPool-1)']
	Database driver: undefined/unknown
	Database version: 8.4.3
	Autocommit mode: undefined/unknown
	Isolation level: undefined/unknown
	Minimum pool size: undefined/unknown
	Maximum pool size: undefined/unknown
2025-03-20T09:05:38.484+09:00  INFO 13820 --- [greendae_personal] [restartedMain] o.h.e.t.j.p.i.JtaPlatformInitiator       : HHH000489: No JTA platform available (set 'hibernate.transaction.jta.platform' to enable JTA platform integration)
2025-03-20T09:05:38.490+09:00  INFO 13820 --- [greendae_personal] [restartedMain] j.LocalContainerEntityManagerFactoryBean : Initialized JPA EntityManagerFactory for persistence unit 'default'
2025-03-20T09:05:38.527+09:00  WARN 13820 --- [greendae_personal] [restartedMain] JpaBaseConfiguration$JpaWebConfiguration : spring.jpa.open-in-view is enabled by default. Therefore, database queries may be performed during view rendering. Explicitly configure spring.jpa.open-in-view to disable this warning
2025-03-20T09:05:38.553+09:00  INFO 13820 --- [greendae_personal] [restartedMain] o.s.b.a.w.s.WelcomePageHandlerMapping    : Adding welcome page template: index
2025-03-20T09:05:38.944+09:00  WARN 13820 --- [greendae_personal] [restartedMain] .s.s.UserDetailsServiceAutoConfiguration : 

Using generated security password: 658f4799-1f0b-4f52-8d81-b117ad3b7911

This generated password is for development use only. Your security configuration must be updated before running your application in production.

2025-03-20T09:05:38.957+09:00  INFO 13820 --- [greendae_personal] [restartedMain] r$InitializeUserDetailsManagerConfigurer : Global AuthenticationManager configured with UserDetailsService bean with name inMemoryUserDetailsManager
2025-03-20T09:05:39.103+09:00  INFO 13820 --- [greendae_personal] [restartedMain] o.s.b.d.a.OptionalLiveReloadServer       : LiveReload server is running on port 35729
2025-03-20T09:05:39.132+09:00  INFO 13820 --- [greendae_personal] [restartedMain] o.s.b.w.embedded.tomcat.TomcatWebServer  : Tomcat started on port 8080 (http) with context path '/greendae'
2025-03-20T09:05:39.139+09:00  INFO 13820 --- [greendae_personal] [restartedMain] k.c.g.GreendaePersonalApplication        : Started GreendaePersonalApplication in 3.61 seconds (process running for 4.141)
2025-03-20T09:08:04.023+09:00  INFO 13820 --- [greendae_personal] [SpringApplicationShutdownHook] o.s.b.w.e.tomcat.GracefulShutdown        : Commencing graceful shutdown. Waiting for active requests to complete
2025-03-20T09:08:04.086+09:00  INFO 13820 --- [greendae_personal] [tomcat-shutdown] o.s.b.w.e.tomcat.GracefulShutdown        : Graceful shutdown complete
2025-03-20T09:08:04.090+09:00  INFO 13820 --- [greendae_personal] [SpringApplicationShutdownHook] j.LocalContainerEntityManagerFactoryBean : Closing JPA EntityManagerFactory for persistence unit 'default'
2025-03-20T09:08:04.097+09:00  INFO 13820 --- [greendae_personal] [SpringApplicationShutdownHook] com.zaxxer.hikari.HikariDataSource       : HikariPool-1 - Shutdown initiated...
2025-03-20T09:08:04.103+09:00  INFO 13820 --- [greendae_personal] [SpringApplicationShutdownHook] com.zaxxer.hikari.HikariDataSource       : HikariPool-1 - Shutdown completed.
2025-03-20T09:09:58.847+09:00  INFO 16248 --- [greendae_personal] [restartedMain] k.c.g.GreendaePersonalApplication        : Starting GreendaePersonalApplication using Java 17.0.12 with PID 16248 (C:\Users\lotte6_SpringProject\Desktop\Workspace\greendae_personal\greendae_personal\build\classes\java\main started by lotte6_SpringProject in C:\Users\lotte6_SpringProject\Desktop\Workspace\greendae_personal\greendae_personal)
2025-03-20T09:09:58.851+09:00  INFO 16248 --- [greendae_personal] [restartedMain] k.c.g.GreendaePersonalApplication        : No active profile set, falling back to 1 default profile: "default"
2025-03-20T09:09:58.901+09:00  INFO 16248 --- [greendae_personal] [restartedMain] .e.DevToolsPropertyDefaultsPostProcessor : Devtools property defaults active! Set 'spring.devtools.add-properties' to 'false' to disable
2025-03-20T09:09:58.902+09:00  INFO 16248 --- [greendae_personal] [restartedMain] .e.DevToolsPropertyDefaultsPostProcessor : For additional web related logging consider setting the 'logging.level.web' property to 'DEBUG'
2025-03-20T09:09:59.707+09:00  INFO 16248 --- [greendae_personal] [restartedMain] .s.d.r.c.RepositoryConfigurationDelegate : Bootstrapping Spring Data JPA repositories in DEFAULT mode.
2025-03-20T09:09:59.722+09:00  INFO 16248 --- [greendae_personal] [restartedMain] .s.d.r.c.RepositoryConfigurationDelegate : Finished Spring Data repository scanning in 4 ms. Found 0 JPA repository interfaces.
2025-03-20T09:09:59.849+09:00  WARN 16248 --- [greendae_personal] [restartedMain] o.m.s.mapper.ClassPathMapperScanner      : No MyBatis mapper was found in '[kr.co.greendae_personal]' package. Please check your configuration.
2025-03-20T09:10:00.179+09:00  INFO 16248 --- [greendae_personal] [restartedMain] o.s.b.w.embedded.tomcat.TomcatWebServer  : Tomcat initialized with port 8080 (http)
2025-03-20T09:10:00.189+09:00  INFO 16248 --- [greendae_personal] [restartedMain] o.apache.catalina.core.StandardService   : Starting service [Tomcat]
2025-03-20T09:10:00.189+09:00  INFO 16248 --- [greendae_personal] [restartedMain] o.apache.catalina.core.StandardEngine    : Starting Servlet engine: [Apache Tomcat/10.1.36]
2025-03-20T09:10:00.231+09:00  INFO 16248 --- [greendae_personal] [restartedMain] o.a.c.c.C.[.[.[/greendae_personal]       : Initializing Spring embedded WebApplicationContext
2025-03-20T09:10:00.231+09:00  INFO 16248 --- [greendae_personal] [restartedMain] w.s.c.ServletWebServerApplicationContext : Root WebApplicationContext: initialization completed in 1328 ms
2025-03-20T09:10:00.349+09:00  INFO 16248 --- [greendae_personal] [restartedMain] o.hibernate.jpa.internal.util.LogHelper  : HHH000204: Processing PersistenceUnitInfo [name: default]
2025-03-20T09:10:00.389+09:00  INFO 16248 --- [greendae_personal] [restartedMain] org.hibernate.Version                    : HHH000412: Hibernate ORM core version 6.6.8.Final
2025-03-20T09:10:00.420+09:00  INFO 16248 --- [greendae_personal] [restartedMain] o.h.c.internal.RegionFactoryInitiator    : HHH000026: Second-level cache disabled
2025-03-20T09:10:00.663+09:00  INFO 16248 --- [greendae_personal] [restartedMain] o.s.o.j.p.SpringPersistenceUnitInfo      : No LoadTimeWeaver setup: ignoring JPA class transformer
2025-03-20T09:10:00.687+09:00  INFO 16248 --- [greendae_personal] [restartedMain] com.zaxxer.hikari.HikariDataSource       : HikariPool-1 - Starting...
2025-03-20T09:10:00.903+09:00  INFO 16248 --- [greendae_personal] [restartedMain] com.zaxxer.hikari.pool.HikariPool        : HikariPool-1 - Added connection com.mysql.cj.jdbc.ConnectionImpl@16eec5a
2025-03-20T09:10:00.905+09:00  INFO 16248 --- [greendae_personal] [restartedMain] com.zaxxer.hikari.HikariDataSource       : HikariPool-1 - Start completed.
2025-03-20T09:10:00.944+09:00  WARN 16248 --- [greendae_personal] [restartedMain] org.hibernate.orm.deprecation            : HHH90000025: MySQLDialect does not need to be specified explicitly using 'hibernate.dialect' (remove the property setting and it will be selected by default)
2025-03-20T09:10:00.959+09:00  INFO 16248 --- [greendae_personal] [restartedMain] org.hibernate.orm.connections.pooling    : HHH10001005: Database info:
	Database JDBC URL [Connecting through datasource 'HikariDataSource (HikariPool-1)']
	Database driver: undefined/unknown
	Database version: 8.4.3
	Autocommit mode: undefined/unknown
	Isolation level: undefined/unknown
	Minimum pool size: undefined/unknown
	Maximum pool size: undefined/unknown
2025-03-20T09:10:01.233+09:00  INFO 16248 --- [greendae_personal] [restartedMain] o.h.e.t.j.p.i.JtaPlatformInitiator       : HHH000489: No JTA platform available (set 'hibernate.transaction.jta.platform' to enable JTA platform integration)
2025-03-20T09:10:01.237+09:00  INFO 16248 --- [greendae_personal] [restartedMain] j.LocalContainerEntityManagerFactoryBean : Initialized JPA EntityManagerFactory for persistence unit 'default'
2025-03-20T09:10:01.271+09:00  WARN 16248 --- [greendae_personal] [restartedMain] JpaBaseConfiguration$JpaWebConfiguration : spring.jpa.open-in-view is enabled by default. Therefore, database queries may be performed during view rendering. Explicitly configure spring.jpa.open-in-view to disable this warning
2025-03-20T09:10:01.295+09:00  INFO 16248 --- [greendae_personal] [restartedMain] o.s.b.a.w.s.WelcomePageHandlerMapping    : Adding welcome page template: index
2025-03-20T09:10:01.619+09:00  WARN 16248 --- [greendae_personal] [restartedMain] .s.s.UserDetailsServiceAutoConfiguration : 

Using generated security password: 8777f6e7-db73-4fc0-8af9-379ebd927d74

This generated password is for development use only. Your security configuration must be updated before running your application in production.

2025-03-20T09:10:01.631+09:00  INFO 16248 --- [greendae_personal] [restartedMain] r$InitializeUserDetailsManagerConfigurer : Global AuthenticationManager configured with UserDetailsService bean with name inMemoryUserDetailsManager
2025-03-20T09:10:01.758+09:00  INFO 16248 --- [greendae_personal] [restartedMain] o.s.b.d.a.OptionalLiveReloadServer       : LiveReload server is running on port 35729
2025-03-20T09:10:01.785+09:00  INFO 16248 --- [greendae_personal] [restartedMain] o.s.b.w.embedded.tomcat.TomcatWebServer  : Tomcat started on port 8080 (http) with context path '/greendae_personal'
2025-03-20T09:10:01.792+09:00  INFO 16248 --- [greendae_personal] [restartedMain] k.c.g.GreendaePersonalApplication        : Started GreendaePersonalApplication in 3.727 seconds (process running for 4.229)
2025-03-20T09:10:06.817+09:00  INFO 16248 --- [greendae_personal] [http-nio-8080-exec-3] o.a.c.c.C.[.[.[/greendae_personal]       : Initializing Spring DispatcherServlet 'dispatcherServlet'
2025-03-20T09:10:06.817+09:00  INFO 16248 --- [greendae_personal] [http-nio-8080-exec-3] o.s.web.servlet.DispatcherServlet        : Initializing Servlet 'dispatcherServlet'
2025-03-20T09:10:06.818+09:00  INFO 16248 --- [greendae_personal] [http-nio-8080-exec-3] o.s.web.servlet.DispatcherServlet        : Completed initialization in 1 ms
2025-03-20T09:10:45.563+09:00 ERROR 16248 --- [greendae_personal] [http-nio-8080-exec-10] org.thymeleaf.TemplateEngine             : [THYMELEAF][http-nio-8080-exec-10] Exception processing template "index": Error resolving template [index], template might not exist or might not be accessible by any of the configured Template Resolvers

org.thymeleaf.exceptions.TemplateInputException: Error resolving template [index], template might not exist or might not be accessible by any of the configured Template Resolvers
	at org.thymeleaf.engine.TemplateManager.resolveTemplate(TemplateManager.java:869) ~[thymeleaf-3.1.3.RELEASE.jar:3.1.3.RELEASE]
	at org.thymeleaf.engine.TemplateManager.parseAndProcess(TemplateManager.java:607) ~[thymeleaf-3.1.3.RELEASE.jar:3.1.3.RELEASE]
	at org.thymeleaf.TemplateEngine.process(TemplateEngine.java:1103) ~[thymeleaf-3.1.3.RELEASE.jar:3.1.3.RELEASE]
	at org.thymeleaf.TemplateEngine.process(TemplateEngine.java:1077) ~[thymeleaf-3.1.3.RELEASE.jar:3.1.3.RELEASE]
	at org.thymeleaf.spring6.view.ThymeleafView.renderFragment(ThymeleafView.java:372) ~[thymeleaf-spring6-3.1.3.RELEASE.jar:3.1.3.RELEASE]
	at org.thymeleaf.spring6.view.ThymeleafView.render(ThymeleafView.java:192) ~[thymeleaf-spring6-3.1.3.RELEASE.jar:3.1.3.RELEASE]
	at org.springframework.web.servlet.DispatcherServlet.render(DispatcherServlet.java:1435) ~[spring-webmvc-6.2.3.jar:6.2.3]
	at org.springframework.web.servlet.DispatcherServlet.processDispatchResult(DispatcherServlet.java:1167) ~[spring-webmvc-6.2.3.jar:6.2.3]
	at org.springframework.web.servlet.DispatcherServlet.doDispatch(DispatcherServlet.java:1105) ~[spring-webmvc-6.2.3.jar:6.2.3]
	at org.springframework.web.servlet.DispatcherServlet.doService(DispatcherServlet.java:978) ~[spring-webmvc-6.2.3.jar:6.2.3]
	at org.springframework.web.servlet.FrameworkServlet.processRequest(FrameworkServlet.java:1014) ~[spring-webmvc-6.2.3.jar:6.2.3]
	at org.springframework.web.servlet.FrameworkServlet.doGet(FrameworkServlet.java:903) ~[spring-webmvc-6.2.3.jar:6.2.3]
	at jakarta.servlet.http.HttpServlet.service(HttpServlet.java:564) ~[tomcat-embed-core-10.1.36.jar:6.0]
	at org.springframework.web.servlet.FrameworkServlet.service(FrameworkServlet.java:885) ~[spring-webmvc-6.2.3.jar:6.2.3]
	at jakarta.servlet.http.HttpServlet.service(HttpServlet.java:658) ~[tomcat-embed-core-10.1.36.jar:6.0]
	at org.apache.catalina.core.ApplicationFilterChain.internalDoFilter(ApplicationFilterChain.java:195) ~[tomcat-embed-core-10.1.36.jar:10.1.36]
	at org.apache.catalina.core.ApplicationFilterChain.doFilter(ApplicationFilterChain.java:140) ~[tomcat-embed-core-10.1.36.jar:10.1.36]
	at org.apache.tomcat.websocket.server.WsFilter.doFilter(WsFilter.java:51) ~[tomcat-embed-websocket-10.1.36.jar:10.1.36]
	at org.apache.catalina.core.ApplicationFilterChain.internalDoFilter(ApplicationFilterChain.java:164) ~[tomcat-embed-core-10.1.36.jar:10.1.36]
	at org.apache.catalina.core.ApplicationFilterChain.doFilter(ApplicationFilterChain.java:140) ~[tomcat-embed-core-10.1.36.jar:10.1.36]
	at org.springframework.web.filter.CompositeFilter$VirtualFilterChain.doFilter(CompositeFilter.java:108) ~[spring-web-6.2.3.jar:6.2.3]
	at org.springframework.security.web.FilterChainProxy.lambda$doFilterInternal$3(FilterChainProxy.java:231) ~[spring-security-web-6.4.3.jar:6.4.3]
	at org.springframework.security.web.FilterChainProxy$VirtualFilterChain.doFilter(FilterChainProxy.java:365) ~[spring-security-web-6.4.3.jar:6.4.3]
	at org.springframework.security.web.access.intercept.AuthorizationFilter.doFilter(AuthorizationFilter.java:101) ~[spring-security-web-6.4.3.jar:6.4.3]
	at org.springframework.security.web.FilterChainProxy$VirtualFilterChain.doFilter(FilterChainProxy.java:374) ~[spring-security-web-6.4.3.jar:6.4.3]
	at org.springframework.security.web.access.ExceptionTranslationFilter.doFilter(ExceptionTranslationFilter.java:126) ~[spring-security-web-6.4.3.jar:6.4.3]
	at org.springframework.security.web.access.ExceptionTranslationFilter.doFilter(ExceptionTranslationFilter.java:120) ~[spring-security-web-6.4.3.jar:6.4.3]
	at org.springframework.security.web.FilterChainProxy$VirtualFilterChain.doFilter(FilterChainProxy.java:374) ~[spring-security-web-6.4.3.jar:6.4.3]
	at org.springframework.security.web.authentication.AnonymousAuthenticationFilter.doFilter(AnonymousAuthenticationFilter.java:100) ~[spring-security-web-6.4.3.jar:6.4.3]
	at org.springframework.security.web.FilterChainProxy$VirtualFilterChain.doFilter(FilterChainProxy.java:374) ~[spring-security-web-6.4.3.jar:6.4.3]
	at org.springframework.security.web.servletapi.SecurityContextHolderAwareRequestFilter.doFilter(SecurityContextHolderAwareRequestFilter.java:179) ~[spring-security-web-6.4.3.jar:6.4.3]
	at org.springframework.security.web.FilterChainProxy$VirtualFilterChain.doFilter(FilterChainProxy.java:374) ~[spring-security-web-6.4.3.jar:6.4.3]
	at org.springframework.security.web.savedrequest.RequestCacheAwareFilter.doFilter(RequestCacheAwareFilter.java:63) ~[spring-security-web-6.4.3.jar:6.4.3]
	at org.springframework.security.web.FilterChainProxy$VirtualFilterChain.doFilter(FilterChainProxy.java:374) ~[spring-security-web-6.4.3.jar:6.4.3]
	at org.springframework.security.web.authentication.www.BasicAuthenticationFilter.doFilterInternal(BasicAuthenticationFilter.java:181) ~[spring-security-web-6.4.3.jar:6.4.3]
	at org.springframework.web.filter.OncePerRequestFilter.doFilter(OncePerRequestFilter.java:116) ~[spring-web-6.2.3.jar:6.2.3]
	at org.springframework.security.web.FilterChainProxy$VirtualFilterChain.doFilter(FilterChainProxy.java:374) ~[spring-security-web-6.4.3.jar:6.4.3]
	at org.springframework.security.web.authentication.ui.DefaultLogoutPageGeneratingFilter.doFilterInternal(DefaultLogoutPageGeneratingFilter.java:58) ~[spring-security-web-6.4.3.jar:6.4.3]
	at org.springframework.web.filter.OncePerRequestFilter.doFilter(OncePerRequestFilter.java:116) ~[spring-web-6.2.3.jar:6.2.3]
	at org.springframework.security.web.FilterChainProxy$VirtualFilterChain.doFilter(FilterChainProxy.java:374) ~[spring-security-web-6.4.3.jar:6.4.3]
	at org.springframework.security.web.authentication.ui.DefaultLoginPageGeneratingFilter.doFilter(DefaultLoginPageGeneratingFilter.java:220) ~[spring-security-web-6.4.3.jar:6.4.3]
	at org.springframework.security.web.authentication.ui.DefaultLoginPageGeneratingFilter.doFilter(DefaultLoginPageGeneratingFilter.java:206) ~[spring-security-web-6.4.3.jar:6.4.3]
	at org.springframework.security.web.FilterChainProxy$VirtualFilterChain.doFilter(FilterChainProxy.java:374) ~[spring-security-web-6.4.3.jar:6.4.3]
	at org.springframework.security.web.authentication.ui.DefaultResourcesFilter.doFilter(DefaultResourcesFilter.java:72) ~[spring-security-web-6.4.3.jar:6.4.3]
	at org.springframework.security.web.FilterChainProxy$VirtualFilterChain.doFilter(FilterChainProxy.java:374) ~[spring-security-web-6.4.3.jar:6.4.3]
	at org.springframework.security.web.authentication.AbstractAuthenticationProcessingFilter.doFilter(AbstractAuthenticationProcessingFilter.java:227) ~[spring-security-web-6.4.3.jar:6.4.3]
	at org.springframework.security.web.authentication.AbstractAuthenticationProcessingFilter.doFilter(AbstractAuthenticationProcessingFilter.java:221) ~[spring-security-web-6.4.3.jar:6.4.3]
	at org.springframework.security.web.FilterChainProxy$VirtualFilterChain.doFilter(FilterChainProxy.java:374) ~[spring-security-web-6.4.3.jar:6.4.3]
	at org.springframework.security.web.authentication.logout.LogoutFilter.doFilter(LogoutFilter.java:107) ~[spring-security-web-6.4.3.jar:6.4.3]
	at org.springframework.security.web.authentication.logout.LogoutFilter.doFilter(LogoutFilter.java:93) ~[spring-security-web-6.4.3.jar:6.4.3]
	at org.springframework.security.web.FilterChainProxy$VirtualFilterChain.doFilter(FilterChainProxy.java:374) ~[spring-security-web-6.4.3.jar:6.4.3]
	at org.springframework.security.web.csrf.CsrfFilter.doFilterInternal(CsrfFilter.java:117) ~[spring-security-web-6.4.3.jar:6.4.3]
	at org.springframework.web.filter.OncePerRequestFilter.doFilter(OncePerRequestFilter.java:116) ~[spring-web-6.2.3.jar:6.2.3]
	at org.springframework.security.web.FilterChainProxy$VirtualFilterChain.doFilter(FilterChainProxy.java:374) ~[spring-security-web-6.4.3.jar:6.4.3]
	at org.springframework.security.web.header.HeaderWriterFilter.doHeadersAfter(HeaderWriterFilter.java:90) ~[spring-security-web-6.4.3.jar:6.4.3]
	at org.springframework.security.web.header.HeaderWriterFilter.doFilterInternal(HeaderWriterFilter.java:75) ~[spring-security-web-6.4.3.jar:6.4.3]
	at org.springframework.web.filter.OncePerRequestFilter.doFilter(OncePerRequestFilter.java:116) ~[spring-web-6.2.3.jar:6.2.3]
	at org.springframework.security.web.FilterChainProxy$VirtualFilterChain.doFilter(FilterChainProxy.java:374) ~[spring-security-web-6.4.3.jar:6.4.3]
	at org.springframework.security.web.context.SecurityContextHolderFilter.doFilter(SecurityContextHolderFilter.java:82) ~[spring-security-web-6.4.3.jar:6.4.3]
	at org.springframework.security.web.context.SecurityContextHolderFilter.doFilter(SecurityContextHolderFilter.java:69) ~[spring-security-web-6.4.3.jar:6.4.3]
	at org.springframework.security.web.FilterChainProxy$VirtualFilterChain.doFilter(FilterChainProxy.java:374) ~[spring-security-web-6.4.3.jar:6.4.3]
	at org.springframework.security.web.context.request.async.WebAsyncManagerIntegrationFilter.doFilterInternal(WebAsyncManagerIntegrationFilter.java:62) ~[spring-security-web-6.4.3.jar:6.4.3]
	at org.springframework.web.filter.OncePerRequestFilter.doFilter(OncePerRequestFilter.java:116) ~[spring-web-6.2.3.jar:6.2.3]
	at org.springframework.security.web.FilterChainProxy$VirtualFilterChain.doFilter(FilterChainProxy.java:374) ~[spring-security-web-6.4.3.jar:6.4.3]
	at org.springframework.security.web.session.DisableEncodeUrlFilter.doFilterInternal(DisableEncodeUrlFilter.java:42) ~[spring-security-web-6.4.3.jar:6.4.3]
	at org.springframework.web.filter.OncePerRequestFilter.doFilter(OncePerRequestFilter.java:116) ~[spring-web-6.2.3.jar:6.2.3]
	at org.springframework.security.web.FilterChainProxy$VirtualFilterChain.doFilter(FilterChainProxy.java:374) ~[spring-security-web-6.4.3.jar:6.4.3]
	at org.springframework.security.web.FilterChainProxy.doFilterInternal(FilterChainProxy.java:233) ~[spring-security-web-6.4.3.jar:6.4.3]
	at org.springframework.security.web.FilterChainProxy.doFilter(FilterChainProxy.java:191) ~[spring-security-web-6.4.3.jar:6.4.3]
	at org.springframework.web.filter.CompositeFilter$VirtualFilterChain.doFilter(CompositeFilter.java:113) ~[spring-web-6.2.3.jar:6.2.3]
	at org.springframework.web.servlet.handler.HandlerMappingIntrospector.lambda$createCacheFilter$3(HandlerMappingIntrospector.java:243) ~[spring-webmvc-6.2.3.jar:6.2.3]
	at org.springframework.web.filter.CompositeFilter$VirtualFilterChain.doFilter(CompositeFilter.java:113) ~[spring-web-6.2.3.jar:6.2.3]
	at org.springframework.web.filter.CompositeFilter.doFilter(CompositeFilter.java:74) ~[spring-web-6.2.3.jar:6.2.3]
	at org.springframework.security.config.annotation.web.configuration.WebMvcSecurityConfiguration$CompositeFilterChainProxy.doFilter(WebMvcSecurityConfiguration.java:238) ~[spring-security-config-6.4.3.jar:6.4.3]
	at org.springframework.web.filter.DelegatingFilterProxy.invokeDelegate(DelegatingFilterProxy.java:362) ~[spring-web-6.2.3.jar:6.2.3]
	at org.springframework.web.filter.DelegatingFilterProxy.doFilter(DelegatingFilterProxy.java:278) ~[spring-web-6.2.3.jar:6.2.3]
	at org.apache.catalina.core.ApplicationFilterChain.internalDoFilter(ApplicationFilterChain.java:164) ~[tomcat-embed-core-10.1.36.jar:10.1.36]
	at org.apache.catalina.core.ApplicationFilterChain.doFilter(ApplicationFilterChain.java:140) ~[tomcat-embed-core-10.1.36.jar:10.1.36]
	at org.springframework.web.filter.RequestContextFilter.doFilterInternal(RequestContextFilter.java:100) ~[spring-web-6.2.3.jar:6.2.3]
	at org.springframework.web.filter.OncePerRequestFilter.doFilter(OncePerRequestFilter.java:116) ~[spring-web-6.2.3.jar:6.2.3]
	at org.apache.catalina.core.ApplicationFilterChain.internalDoFilter(ApplicationFilterChain.java:164) ~[tomcat-embed-core-10.1.36.jar:10.1.36]
	at org.apache.catalina.core.ApplicationFilterChain.doFilter(ApplicationFilterChain.java:140) ~[tomcat-embed-core-10.1.36.jar:10.1.36]
	at org.springframework.web.filter.FormContentFilter.doFilterInternal(FormContentFilter.java:93) ~[spring-web-6.2.3.jar:6.2.3]
	at org.springframework.web.filter.OncePerRequestFilter.doFilter(OncePerRequestFilter.java:116) ~[spring-web-6.2.3.jar:6.2.3]
	at org.apache.catalina.core.ApplicationFilterChain.internalDoFilter(ApplicationFilterChain.java:164) ~[tomcat-embed-core-10.1.36.jar:10.1.36]
	at org.apache.catalina.core.ApplicationFilterChain.doFilter(ApplicationFilterChain.java:140) ~[tomcat-embed-core-10.1.36.jar:10.1.36]
	at org.springframework.web.filter.CharacterEncodingFilter.doFilterInternal(CharacterEncodingFilter.java:201) ~[spring-web-6.2.3.jar:6.2.3]
	at org.springframework.web.filter.OncePerRequestFilter.doFilter(OncePerRequestFilter.java:116) ~[spring-web-6.2.3.jar:6.2.3]
	at org.apache.catalina.core.ApplicationFilterChain.internalDoFilter(ApplicationFilterChain.java:164) ~[tomcat-embed-core-10.1.36.jar:10.1.36]
	at org.apache.catalina.core.ApplicationFilterChain.doFilter(ApplicationFilterChain.java:140) ~[tomcat-embed-core-10.1.36.jar:10.1.36]
	at org.apache.catalina.core.StandardWrapperValve.invoke(StandardWrapperValve.java:167) ~[tomcat-embed-core-10.1.36.jar:10.1.36]
	at org.apache.catalina.core.StandardContextValve.invoke(StandardContextValve.java:90) ~[tomcat-embed-core-10.1.36.jar:10.1.36]
	at org.apache.catalina.authenticator.AuthenticatorBase.invoke(AuthenticatorBase.java:483) ~[tomcat-embed-core-10.1.36.jar:10.1.36]
	at org.apache.catalina.core.StandardHostValve.invoke(StandardHostValve.java:115) ~[tomcat-embed-core-10.1.36.jar:10.1.36]
	at org.apache.catalina.valves.ErrorReportValve.invoke(ErrorReportValve.java:93) ~[tomcat-embed-core-10.1.36.jar:10.1.36]
	at org.apache.catalina.core.StandardEngineValve.invoke(StandardEngineValve.java:74) ~[tomcat-embed-core-10.1.36.jar:10.1.36]
	at org.apache.catalina.connector.CoyoteAdapter.service(CoyoteAdapter.java:344) ~[tomcat-embed-core-10.1.36.jar:10.1.36]
	at org.apache.coyote.http11.Http11Processor.service(Http11Processor.java:397) ~[tomcat-embed-core-10.1.36.jar:10.1.36]
	at org.apache.coyote.AbstractProcessorLight.process(AbstractProcessorLight.java:63) ~[tomcat-embed-core-10.1.36.jar:10.1.36]
	at org.apache.coyote.AbstractProtocol$ConnectionHandler.process(AbstractProtocol.java:905) ~[tomcat-embed-core-10.1.36.jar:10.1.36]
	at org.apache.tomcat.util.net.NioEndpoint$SocketProcessor.doRun(NioEndpoint.java:1743) ~[tomcat-embed-core-10.1.36.jar:10.1.36]
	at org.apache.tomcat.util.net.SocketProcessorBase.run(SocketProcessorBase.java:52) ~[tomcat-embed-core-10.1.36.jar:10.1.36]
	at org.apache.tomcat.util.threads.ThreadPoolExecutor.runWorker(ThreadPoolExecutor.java:1190) ~[tomcat-embed-core-10.1.36.jar:10.1.36]
	at org.apache.tomcat.util.threads.ThreadPoolExecutor$Worker.run(ThreadPoolExecutor.java:659) ~[tomcat-embed-core-10.1.36.jar:10.1.36]
	at org.apache.tomcat.util.threads.TaskThread$WrappingRunnable.run(TaskThread.java:63) ~[tomcat-embed-core-10.1.36.jar:10.1.36]
	at java.base/java.lang.Thread.run(Thread.java:842) ~[na:na]

2025-03-20T09:10:45.574+09:00 ERROR 16248 --- [greendae_personal] [http-nio-8080-exec-10] o.a.c.c.C.[.[.[.[dispatcherServlet]      : Servlet.service() for servlet [dispatcherServlet] in context with path [/greendae_personal] threw exception [Request processing failed: org.thymeleaf.exceptions.TemplateInputException: Error resolving template [index], template might not exist or might not be accessible by any of the configured Template Resolvers] with root cause

org.thymeleaf.exceptions.TemplateInputException: Error resolving template [index], template might not exist or might not be accessible by any of the configured Template Resolvers
	at org.thymeleaf.engine.TemplateManager.resolveTemplate(TemplateManager.java:869) ~[thymeleaf-3.1.3.RELEASE.jar:3.1.3.RELEASE]
	at org.thymeleaf.engine.TemplateManager.parseAndProcess(TemplateManager.java:607) ~[thymeleaf-3.1.3.RELEASE.jar:3.1.3.RELEASE]
	at org.thymeleaf.TemplateEngine.process(TemplateEngine.java:1103) ~[thymeleaf-3.1.3.RELEASE.jar:3.1.3.RELEASE]
	at org.thymeleaf.TemplateEngine.process(TemplateEngine.java:1077) ~[thymeleaf-3.1.3.RELEASE.jar:3.1.3.RELEASE]
	at org.thymeleaf.spring6.view.ThymeleafView.renderFragment(ThymeleafView.java:372) ~[thymeleaf-spring6-3.1.3.RELEASE.jar:3.1.3.RELEASE]
	at org.thymeleaf.spring6.view.ThymeleafView.render(ThymeleafView.java:192) ~[thymeleaf-spring6-3.1.3.RELEASE.jar:3.1.3.RELEASE]
	at org.springframework.web.servlet.DispatcherServlet.render(DispatcherServlet.java:1435) ~[spring-webmvc-6.2.3.jar:6.2.3]
	at org.springframework.web.servlet.DispatcherServlet.processDispatchResult(DispatcherServlet.java:1167) ~[spring-webmvc-6.2.3.jar:6.2.3]
	at org.springframework.web.servlet.DispatcherServlet.doDispatch(DispatcherServlet.java:1105) ~[spring-webmvc-6.2.3.jar:6.2.3]
	at org.springframework.web.servlet.DispatcherServlet.doService(DispatcherServlet.java:978) ~[spring-webmvc-6.2.3.jar:6.2.3]
	at org.springframework.web.servlet.FrameworkServlet.processRequest(FrameworkServlet.java:1014) ~[spring-webmvc-6.2.3.jar:6.2.3]
	at org.springframework.web.servlet.FrameworkServlet.doGet(FrameworkServlet.java:903) ~[spring-webmvc-6.2.3.jar:6.2.3]
	at jakarta.servlet.http.HttpServlet.service(HttpServlet.java:564) ~[tomcat-embed-core-10.1.36.jar:6.0]
	at org.springframework.web.servlet.FrameworkServlet.service(FrameworkServlet.java:885) ~[spring-webmvc-6.2.3.jar:6.2.3]
	at jakarta.servlet.http.HttpServlet.service(HttpServlet.java:658) ~[tomcat-embed-core-10.1.36.jar:6.0]
	at org.apache.catalina.core.ApplicationFilterChain.internalDoFilter(ApplicationFilterChain.java:195) ~[tomcat-embed-core-10.1.36.jar:10.1.36]
	at org.apache.catalina.core.ApplicationFilterChain.doFilter(ApplicationFilterChain.java:140) ~[tomcat-embed-core-10.1.36.jar:10.1.36]
	at org.apache.tomcat.websocket.server.WsFilter.doFilter(WsFilter.java:51) ~[tomcat-embed-websocket-10.1.36.jar:10.1.36]
	at org.apache.catalina.core.ApplicationFilterChain.internalDoFilter(ApplicationFilterChain.java:164) ~[tomcat-embed-core-10.1.36.jar:10.1.36]
	at org.apache.catalina.core.ApplicationFilterChain.doFilter(ApplicationFilterChain.java:140) ~[tomcat-embed-core-10.1.36.jar:10.1.36]
	at org.springframework.web.filter.CompositeFilter$VirtualFilterChain.doFilter(CompositeFilter.java:108) ~[spring-web-6.2.3.jar:6.2.3]
	at org.springframework.security.web.FilterChainProxy.lambda$doFilterInternal$3(FilterChainProxy.java:231) ~[spring-security-web-6.4.3.jar:6.4.3]
	at org.springframework.security.web.FilterChainProxy$VirtualFilterChain.doFilter(FilterChainProxy.java:365) ~[spring-security-web-6.4.3.jar:6.4.3]
	at org.springframework.security.web.access.intercept.AuthorizationFilter.doFilter(AuthorizationFilter.java:101) ~[spring-security-web-6.4.3.jar:6.4.3]
	at org.springframework.security.web.FilterChainProxy$VirtualFilterChain.doFilter(FilterChainProxy.java:374) ~[spring-security-web-6.4.3.jar:6.4.3]
	at org.springframework.security.web.access.ExceptionTranslationFilter.doFilter(ExceptionTranslationFilter.java:126) ~[spring-security-web-6.4.3.jar:6.4.3]
	at org.springframework.security.web.access.ExceptionTranslationFilter.doFilter(ExceptionTranslationFilter.java:120) ~[spring-security-web-6.4.3.jar:6.4.3]
	at org.springframework.security.web.FilterChainProxy$VirtualFilterChain.doFilter(FilterChainProxy.java:374) ~[spring-security-web-6.4.3.jar:6.4.3]
	at org.springframework.security.web.authentication.AnonymousAuthenticationFilter.doFilter(AnonymousAuthenticationFilter.java:100) ~[spring-security-web-6.4.3.jar:6.4.3]
	at org.springframework.security.web.FilterChainProxy$VirtualFilterChain.doFilter(FilterChainProxy.java:374) ~[spring-security-web-6.4.3.jar:6.4.3]
	at org.springframework.security.web.servletapi.SecurityContextHolderAwareRequestFilter.doFilter(SecurityContextHolderAwareRequestFilter.java:179) ~[spring-security-web-6.4.3.jar:6.4.3]
	at org.springframework.security.web.FilterChainProxy$VirtualFilterChain.doFilter(FilterChainProxy.java:374) ~[spring-security-web-6.4.3.jar:6.4.3]
	at org.springframework.security.web.savedrequest.RequestCacheAwareFilter.doFilter(RequestCacheAwareFilter.java:63) ~[spring-security-web-6.4.3.jar:6.4.3]
	at org.springframework.security.web.FilterChainProxy$VirtualFilterChain.doFilter(FilterChainProxy.java:374) ~[spring-security-web-6.4.3.jar:6.4.3]
	at org.springframework.security.web.authentication.www.BasicAuthenticationFilter.doFilterInternal(BasicAuthenticationFilter.java:181) ~[spring-security-web-6.4.3.jar:6.4.3]
	at org.springframework.web.filter.OncePerRequestFilter.doFilter(OncePerRequestFilter.java:116) ~[spring-web-6.2.3.jar:6.2.3]
	at org.springframework.security.web.FilterChainProxy$VirtualFilterChain.doFilter(FilterChainProxy.java:374) ~[spring-security-web-6.4.3.jar:6.4.3]
	at org.springframework.security.web.authentication.ui.DefaultLogoutPageGeneratingFilter.doFilterInternal(DefaultLogoutPageGeneratingFilter.java:58) ~[spring-security-web-6.4.3.jar:6.4.3]
	at org.springframework.web.filter.OncePerRequestFilter.doFilter(OncePerRequestFilter.java:116) ~[spring-web-6.2.3.jar:6.2.3]
	at org.springframework.security.web.FilterChainProxy$VirtualFilterChain.doFilter(FilterChainProxy.java:374) ~[spring-security-web-6.4.3.jar:6.4.3]
	at org.springframework.security.web.authentication.ui.DefaultLoginPageGeneratingFilter.doFilter(DefaultLoginPageGeneratingFilter.java:220) ~[spring-security-web-6.4.3.jar:6.4.3]
	at org.springframework.security.web.authentication.ui.DefaultLoginPageGeneratingFilter.doFilter(DefaultLoginPageGeneratingFilter.java:206) ~[spring-security-web-6.4.3.jar:6.4.3]
	at org.springframework.security.web.FilterChainProxy$VirtualFilterChain.doFilter(FilterChainProxy.java:374) ~[spring-security-web-6.4.3.jar:6.4.3]
	at org.springframework.security.web.authentication.ui.DefaultResourcesFilter.doFilter(DefaultResourcesFilter.java:72) ~[spring-security-web-6.4.3.jar:6.4.3]
	at org.springframework.security.web.FilterChainProxy$VirtualFilterChain.doFilter(FilterChainProxy.java:374) ~[spring-security-web-6.4.3.jar:6.4.3]
	at org.springframework.security.web.authentication.AbstractAuthenticationProcessingFilter.doFilter(AbstractAuthenticationProcessingFilter.java:227) ~[spring-security-web-6.4.3.jar:6.4.3]
	at org.springframework.security.web.authentication.AbstractAuthenticationProcessingFilter.doFilter(AbstractAuthenticationProcessingFilter.java:221) ~[spring-security-web-6.4.3.jar:6.4.3]
	at org.springframework.security.web.FilterChainProxy$VirtualFilterChain.doFilter(FilterChainProxy.java:374) ~[spring-security-web-6.4.3.jar:6.4.3]
	at org.springframework.security.web.authentication.logout.LogoutFilter.doFilter(LogoutFilter.java:107) ~[spring-security-web-6.4.3.jar:6.4.3]
	at org.springframework.security.web.authentication.logout.LogoutFilter.doFilter(LogoutFilter.java:93) ~[spring-security-web-6.4.3.jar:6.4.3]
	at org.springframework.security.web.FilterChainProxy$VirtualFilterChain.doFilter(FilterChainProxy.java:374) ~[spring-security-web-6.4.3.jar:6.4.3]
	at org.springframework.security.web.csrf.CsrfFilter.doFilterInternal(CsrfFilter.java:117) ~[spring-security-web-6.4.3.jar:6.4.3]
	at org.springframework.web.filter.OncePerRequestFilter.doFilter(OncePerRequestFilter.java:116) ~[spring-web-6.2.3.jar:6.2.3]
	at org.springframework.security.web.FilterChainProxy$VirtualFilterChain.doFilter(FilterChainProxy.java:374) ~[spring-security-web-6.4.3.jar:6.4.3]
	at org.springframework.security.web.header.HeaderWriterFilter.doHeadersAfter(HeaderWriterFilter.java:90) ~[spring-security-web-6.4.3.jar:6.4.3]
	at org.springframework.security.web.header.HeaderWriterFilter.doFilterInternal(HeaderWriterFilter.java:75) ~[spring-security-web-6.4.3.jar:6.4.3]
	at org.springframework.web.filter.OncePerRequestFilter.doFilter(OncePerRequestFilter.java:116) ~[spring-web-6.2.3.jar:6.2.3]
	at org.springframework.security.web.FilterChainProxy$VirtualFilterChain.doFilter(FilterChainProxy.java:374) ~[spring-security-web-6.4.3.jar:6.4.3]
	at org.springframework.security.web.context.SecurityContextHolderFilter.doFilter(SecurityContextHolderFilter.java:82) ~[spring-security-web-6.4.3.jar:6.4.3]
	at org.springframework.security.web.context.SecurityContextHolderFilter.doFilter(SecurityContextHolderFilter.java:69) ~[spring-security-web-6.4.3.jar:6.4.3]
	at org.springframework.security.web.FilterChainProxy$VirtualFilterChain.doFilter(FilterChainProxy.java:374) ~[spring-security-web-6.4.3.jar:6.4.3]
	at org.springframework.security.web.context.request.async.WebAsyncManagerIntegrationFilter.doFilterInternal(WebAsyncManagerIntegrationFilter.java:62) ~[spring-security-web-6.4.3.jar:6.4.3]
	at org.springframework.web.filter.OncePerRequestFilter.doFilter(OncePerRequestFilter.java:116) ~[spring-web-6.2.3.jar:6.2.3]
	at org.springframework.security.web.FilterChainProxy$VirtualFilterChain.doFilter(FilterChainProxy.java:374) ~[spring-security-web-6.4.3.jar:6.4.3]
	at org.springframework.security.web.session.DisableEncodeUrlFilter.doFilterInternal(DisableEncodeUrlFilter.java:42) ~[spring-security-web-6.4.3.jar:6.4.3]
	at org.springframework.web.filter.OncePerRequestFilter.doFilter(OncePerRequestFilter.java:116) ~[spring-web-6.2.3.jar:6.2.3]
	at org.springframework.security.web.FilterChainProxy$VirtualFilterChain.doFilter(FilterChainProxy.java:374) ~[spring-security-web-6.4.3.jar:6.4.3]
	at org.springframework.security.web.FilterChainProxy.doFilterInternal(FilterChainProxy.java:233) ~[spring-security-web-6.4.3.jar:6.4.3]
	at org.springframework.security.web.FilterChainProxy.doFilter(FilterChainProxy.java:191) ~[spring-security-web-6.4.3.jar:6.4.3]
	at org.springframework.web.filter.CompositeFilter$VirtualFilterChain.doFilter(CompositeFilter.java:113) ~[spring-web-6.2.3.jar:6.2.3]
	at org.springframework.web.servlet.handler.HandlerMappingIntrospector.lambda$createCacheFilter$3(HandlerMappingIntrospector.java:243) ~[spring-webmvc-6.2.3.jar:6.2.3]
	at org.springframework.web.filter.CompositeFilter$VirtualFilterChain.doFilter(CompositeFilter.java:113) ~[spring-web-6.2.3.jar:6.2.3]
	at org.springframework.web.filter.CompositeFilter.doFilter(CompositeFilter.java:74) ~[spring-web-6.2.3.jar:6.2.3]
	at org.springframework.security.config.annotation.web.configuration.WebMvcSecurityConfiguration$CompositeFilterChainProxy.doFilter(WebMvcSecurityConfiguration.java:238) ~[spring-security-config-6.4.3.jar:6.4.3]
	at org.springframework.web.filter.DelegatingFilterProxy.invokeDelegate(DelegatingFilterProxy.java:362) ~[spring-web-6.2.3.jar:6.2.3]
	at org.springframework.web.filter.DelegatingFilterProxy.doFilter(DelegatingFilterProxy.java:278) ~[spring-web-6.2.3.jar:6.2.3]
	at org.apache.catalina.core.ApplicationFilterChain.internalDoFilter(ApplicationFilterChain.java:164) ~[tomcat-embed-core-10.1.36.jar:10.1.36]
	at org.apache.catalina.core.ApplicationFilterChain.doFilter(ApplicationFilterChain.java:140) ~[tomcat-embed-core-10.1.36.jar:10.1.36]
	at org.springframework.web.filter.RequestContextFilter.doFilterInternal(RequestContextFilter.java:100) ~[spring-web-6.2.3.jar:6.2.3]
	at org.springframework.web.filter.OncePerRequestFilter.doFilter(OncePerRequestFilter.java:116) ~[spring-web-6.2.3.jar:6.2.3]
	at org.apache.catalina.core.ApplicationFilterChain.internalDoFilter(ApplicationFilterChain.java:164) ~[tomcat-embed-core-10.1.36.jar:10.1.36]
	at org.apache.catalina.core.ApplicationFilterChain.doFilter(ApplicationFilterChain.java:140) ~[tomcat-embed-core-10.1.36.jar:10.1.36]
	at org.springframework.web.filter.FormContentFilter.doFilterInternal(FormContentFilter.java:93) ~[spring-web-6.2.3.jar:6.2.3]
	at org.springframework.web.filter.OncePerRequestFilter.doFilter(OncePerRequestFilter.java:116) ~[spring-web-6.2.3.jar:6.2.3]
	at org.apache.catalina.core.ApplicationFilterChain.internalDoFilter(ApplicationFilterChain.java:164) ~[tomcat-embed-core-10.1.36.jar:10.1.36]
	at org.apache.catalina.core.ApplicationFilterChain.doFilter(ApplicationFilterChain.java:140) ~[tomcat-embed-core-10.1.36.jar:10.1.36]
	at org.springframework.web.filter.CharacterEncodingFilter.doFilterInternal(CharacterEncodingFilter.java:201) ~[spring-web-6.2.3.jar:6.2.3]
	at org.springframework.web.filter.OncePerRequestFilter.doFilter(OncePerRequestFilter.java:116) ~[spring-web-6.2.3.jar:6.2.3]
	at org.apache.catalina.core.ApplicationFilterChain.internalDoFilter(ApplicationFilterChain.java:164) ~[tomcat-embed-core-10.1.36.jar:10.1.36]
	at org.apache.catalina.core.ApplicationFilterChain.doFilter(ApplicationFilterChain.java:140) ~[tomcat-embed-core-10.1.36.jar:10.1.36]
	at org.apache.catalina.core.StandardWrapperValve.invoke(StandardWrapperValve.java:167) ~[tomcat-embed-core-10.1.36.jar:10.1.36]
	at org.apache.catalina.core.StandardContextValve.invoke(StandardContextValve.java:90) ~[tomcat-embed-core-10.1.36.jar:10.1.36]
	at org.apache.catalina.authenticator.AuthenticatorBase.invoke(AuthenticatorBase.java:483) ~[tomcat-embed-core-10.1.36.jar:10.1.36]
	at org.apache.catalina.core.StandardHostValve.invoke(StandardHostValve.java:115) ~[tomcat-embed-core-10.1.36.jar:10.1.36]
	at org.apache.catalina.valves.ErrorReportValve.invoke(ErrorReportValve.java:93) ~[tomcat-embed-core-10.1.36.jar:10.1.36]
	at org.apache.catalina.core.StandardEngineValve.invoke(StandardEngineValve.java:74) ~[tomcat-embed-core-10.1.36.jar:10.1.36]
	at org.apache.catalina.connector.CoyoteAdapter.service(CoyoteAdapter.java:344) ~[tomcat-embed-core-10.1.36.jar:10.1.36]
	at org.apache.coyote.http11.Http11Processor.service(Http11Processor.java:397) ~[tomcat-embed-core-10.1.36.jar:10.1.36]
	at org.apache.coyote.AbstractProcessorLight.process(AbstractProcessorLight.java:63) ~[tomcat-embed-core-10.1.36.jar:10.1.36]
	at org.apache.coyote.AbstractProtocol$ConnectionHandler.process(AbstractProtocol.java:905) ~[tomcat-embed-core-10.1.36.jar:10.1.36]
	at org.apache.tomcat.util.net.NioEndpoint$SocketProcessor.doRun(NioEndpoint.java:1743) ~[tomcat-embed-core-10.1.36.jar:10.1.36]
	at org.apache.tomcat.util.net.SocketProcessorBase.run(SocketProcessorBase.java:52) ~[tomcat-embed-core-10.1.36.jar:10.1.36]
	at org.apache.tomcat.util.threads.ThreadPoolExecutor.runWorker(ThreadPoolExecutor.java:1190) ~[tomcat-embed-core-10.1.36.jar:10.1.36]
	at org.apache.tomcat.util.threads.ThreadPoolExecutor$Worker.run(ThreadPoolExecutor.java:659) ~[tomcat-embed-core-10.1.36.jar:10.1.36]
	at org.apache.tomcat.util.threads.TaskThread$WrappingRunnable.run(TaskThread.java:63) ~[tomcat-embed-core-10.1.36.jar:10.1.36]
	at java.base/java.lang.Thread.run(Thread.java:842) ~[na:na]

2025-03-20T09:10:46.781+09:00  INFO 16248 --- [greendae_personal] [File Watcher] rtingClassPathChangeChangedEventListener : Restarting due to 98 class path changes (0 additions, 0 deletions, 98 modifications)
2025-03-20T09:10:46.784+09:00  INFO 16248 --- [greendae_personal] [Thread-5] o.s.b.w.e.tomcat.GracefulShutdown        : Commencing graceful shutdown. Waiting for active requests to complete
2025-03-20T09:10:46.846+09:00  INFO 16248 --- [greendae_personal] [tomcat-shutdown] o.s.b.w.e.tomcat.GracefulShutdown        : Graceful shutdown complete
2025-03-20T09:10:46.849+09:00  INFO 16248 --- [greendae_personal] [Thread-5] j.LocalContainerEntityManagerFactoryBean : Closing JPA EntityManagerFactory for persistence unit 'default'
2025-03-20T09:10:46.851+09:00  INFO 16248 --- [greendae_personal] [Thread-5] com.zaxxer.hikari.HikariDataSource       : HikariPool-1 - Shutdown initiated...
2025-03-20T09:10:46.857+09:00  INFO 16248 --- [greendae_personal] [Thread-5] com.zaxxer.hikari.HikariDataSource       : HikariPool-1 - Shutdown completed.
2025-03-20T09:10:46.923+09:00  INFO 16248 --- [greendae_personal] [restartedMain] k.c.g.GreendaePersonalApplication        : Starting GreendaePersonalApplication using Java 17.0.12 with PID 16248 (C:\Users\lotte6_SpringProject\Desktop\Workspace\greendae_personal\greendae_personal\build\classes\java\main started by lotte6_SpringProject in C:\Users\lotte6_SpringProject\Desktop\Workspace\greendae_personal\greendae_personal)
2025-03-20T09:10:46.924+09:00  INFO 16248 --- [greendae_personal] [restartedMain] k.c.g.GreendaePersonalApplication        : No active profile set, falling back to 1 default profile: "default"
2025-03-20T09:10:47.087+09:00  INFO 16248 --- [greendae_personal] [restartedMain] .s.d.r.c.RepositoryConfigurationDelegate : Bootstrapping Spring Data JPA repositories in DEFAULT mode.
2025-03-20T09:10:47.089+09:00  INFO 16248 --- [greendae_personal] [restartedMain] .s.d.r.c.RepositoryConfigurationDelegate : Finished Spring Data repository scanning in 0 ms. Found 0 JPA repository interfaces.
2025-03-20T09:10:47.123+09:00  WARN 16248 --- [greendae_personal] [restartedMain] o.m.s.mapper.ClassPathMapperScanner      : No MyBatis mapper was found in '[kr.co.greendae_personal]' package. Please check your configuration.
2025-03-20T09:10:47.164+09:00  INFO 16248 --- [greendae_personal] [restartedMain] o.s.b.w.embedded.tomcat.TomcatWebServer  : Tomcat initialized with port 8080 (http)
2025-03-20T09:10:47.165+09:00  INFO 16248 --- [greendae_personal] [restartedMain] o.apache.catalina.core.StandardService   : Starting service [Tomcat]
2025-03-20T09:10:47.165+09:00  INFO 16248 --- [greendae_personal] [restartedMain] o.apache.catalina.core.StandardEngine    : Starting Servlet engine: [Apache Tomcat/10.1.36]
2025-03-20T09:10:47.181+09:00  INFO 16248 --- [greendae_personal] [restartedMain] o.a.c.c.C.[.[.[/greendae_personal]       : Initializing Spring embedded WebApplicationContext
2025-03-20T09:10:47.181+09:00  INFO 16248 --- [greendae_personal] [restartedMain] w.s.c.ServletWebServerApplicationContext : Root WebApplicationContext: initialization completed in 256 ms
2025-03-20T09:10:47.206+09:00  INFO 16248 --- [greendae_personal] [restartedMain] o.hibernate.jpa.internal.util.LogHelper  : HHH000204: Processing PersistenceUnitInfo [name: default]
2025-03-20T09:10:47.210+09:00  INFO 16248 --- [greendae_personal] [restartedMain] o.h.c.internal.RegionFactoryInitiator    : HHH000026: Second-level cache disabled
2025-03-20T09:10:47.219+09:00  INFO 16248 --- [greendae_personal] [restartedMain] o.s.o.j.p.SpringPersistenceUnitInfo      : No LoadTimeWeaver setup: ignoring JPA class transformer
2025-03-20T09:10:47.221+09:00  INFO 16248 --- [greendae_personal] [restartedMain] com.zaxxer.hikari.HikariDataSource       : HikariPool-2 - Starting...
2025-03-20T09:10:47.231+09:00  INFO 16248 --- [greendae_personal] [restartedMain] com.zaxxer.hikari.pool.HikariPool        : HikariPool-2 - Added connection com.mysql.cj.jdbc.ConnectionImpl@c8c003
2025-03-20T09:10:47.231+09:00  INFO 16248 --- [greendae_personal] [restartedMain] com.zaxxer.hikari.HikariDataSource       : HikariPool-2 - Start completed.
2025-03-20T09:10:47.232+09:00  WARN 16248 --- [greendae_personal] [restartedMain] org.hibernate.orm.deprecation            : HHH90000025: MySQLDialect does not need to be specified explicitly using 'hibernate.dialect' (remove the property setting and it will be selected by default)
2025-03-20T09:10:47.232+09:00  INFO 16248 --- [greendae_personal] [restartedMain] org.hibernate.orm.connections.pooling    : HHH10001005: Database info:
	Database JDBC URL [Connecting through datasource 'HikariDataSource (HikariPool-2)']
	Database driver: undefined/unknown
	Database version: 8.4.3
	Autocommit mode: undefined/unknown
	Isolation level: undefined/unknown
	Minimum pool size: undefined/unknown
	Maximum pool size: undefined/unknown
2025-03-20T09:10:47.248+09:00  INFO 16248 --- [greendae_personal] [restartedMain] o.h.e.t.j.p.i.JtaPlatformInitiator       : HHH000489: No JTA platform available (set 'hibernate.transaction.jta.platform' to enable JTA platform integration)
2025-03-20T09:10:47.248+09:00  INFO 16248 --- [greendae_personal] [restartedMain] j.LocalContainerEntityManagerFactoryBean : Initialized JPA EntityManagerFactory for persistence unit 'default'
2025-03-20T09:10:47.261+09:00  WARN 16248 --- [greendae_personal] [restartedMain] JpaBaseConfiguration$JpaWebConfiguration : spring.jpa.open-in-view is enabled by default. Therefore, database queries may be performed during view rendering. Explicitly configure spring.jpa.open-in-view to disable this warning
2025-03-20T09:10:47.268+09:00  INFO 16248 --- [greendae_personal] [restartedMain] o.s.b.a.w.s.WelcomePageHandlerMapping    : Adding welcome page template: index
2025-03-20T09:10:47.342+09:00  WARN 16248 --- [greendae_personal] [restartedMain] .s.s.UserDetailsServiceAutoConfiguration : 

Using generated security password: 029b1b5d-79fe-4d7b-ab05-9ff203d2c1ea

This generated password is for development use only. Your security configuration must be updated before running your application in production.

2025-03-20T09:10:47.343+09:00  INFO 16248 --- [greendae_personal] [restartedMain] r$InitializeUserDetailsManagerConfigurer : Global AuthenticationManager configured with UserDetailsService bean with name inMemoryUserDetailsManager
2025-03-20T09:10:47.362+09:00  INFO 16248 --- [greendae_personal] [restartedMain] o.s.b.d.a.OptionalLiveReloadServer       : LiveReload server is running on port 35729
2025-03-20T09:10:47.369+09:00  INFO 16248 --- [greendae_personal] [restartedMain] o.s.b.w.embedded.tomcat.TomcatWebServer  : Tomcat started on port 8080 (http) with context path '/greendae_personal'
2025-03-20T09:10:47.372+09:00  INFO 16248 --- [greendae_personal] [restartedMain] k.c.g.GreendaePersonalApplication        : Started GreendaePersonalApplication in 0.472 seconds (process running for 49.809)
2025-03-20T09:10:47.374+09:00  INFO 16248 --- [greendae_personal] [restartedMain] .ConditionEvaluationDeltaLoggingListener : Condition evaluation unchanged
2025-03-20T09:10:47.537+09:00  INFO 16248 --- [greendae_personal] [http-nio-8080-exec-1] o.a.c.c.C.[.[.[/greendae_personal]       : Initializing Spring DispatcherServlet 'dispatcherServlet'
2025-03-20T09:10:47.537+09:00  INFO 16248 --- [greendae_personal] [http-nio-8080-exec-1] o.s.web.servlet.DispatcherServlet        : Initializing Servlet 'dispatcherServlet'
2025-03-20T09:10:47.538+09:00  INFO 16248 --- [greendae_personal] [http-nio-8080-exec-1] o.s.web.servlet.DispatcherServlet        : Completed initialization in 1 ms
2025-03-20T09:11:40.238+09:00  INFO 16248 --- [greendae_personal] [File Watcher] rtingClassPathChangeChangedEventListener : Restarting due to 98 class path changes (0 additions, 0 deletions, 98 modifications)
2025-03-20T09:11:40.239+09:00  INFO 16248 --- [greendae_personal] [Thread-7] o.s.b.w.e.tomcat.GracefulShutdown        : Commencing graceful shutdown. Waiting for active requests to complete
2025-03-20T09:11:40.300+09:00  INFO 16248 --- [greendae_personal] [tomcat-shutdown] o.s.b.w.e.tomcat.GracefulShutdown        : Graceful shutdown complete
2025-03-20T09:11:40.302+09:00  INFO 16248 --- [greendae_personal] [Thread-7] j.LocalContainerEntityManagerFactoryBean : Closing JPA EntityManagerFactory for persistence unit 'default'
2025-03-20T09:11:40.302+09:00  INFO 16248 --- [greendae_personal] [Thread-7] com.zaxxer.hikari.HikariDataSource       : HikariPool-2 - Shutdown initiated...
2025-03-20T09:11:40.305+09:00  INFO 16248 --- [greendae_personal] [Thread-7] com.zaxxer.hikari.HikariDataSource       : HikariPool-2 - Shutdown completed.
2025-03-20T09:11:40.362+09:00  INFO 16248 --- [greendae_personal] [restartedMain] k.c.g.GreendaePersonalApplication        : Starting GreendaePersonalApplication using Java 17.0.12 with PID 16248 (C:\Users\lotte6_SpringProject\Desktop\Workspace\greendae_personal\greendae_personal\build\classes\java\main started by lotte6_SpringProject in C:\Users\lotte6_SpringProject\Desktop\Workspace\greendae_personal\greendae_personal)
2025-03-20T09:11:40.362+09:00  INFO 16248 --- [greendae_personal] [restartedMain] k.c.g.GreendaePersonalApplication        : No active profile set, falling back to 1 default profile: "default"
2025-03-20T09:11:40.510+09:00  INFO 16248 --- [greendae_personal] [restartedMain] .s.d.r.c.RepositoryConfigurationDelegate : Bootstrapping Spring Data JPA repositories in DEFAULT mode.
2025-03-20T09:11:40.512+09:00  INFO 16248 --- [greendae_personal] [restartedMain] .s.d.r.c.RepositoryConfigurationDelegate : Finished Spring Data repository scanning in 0 ms. Found 0 JPA repository interfaces.
2025-03-20T09:11:40.541+09:00  WARN 16248 --- [greendae_personal] [restartedMain] o.m.s.mapper.ClassPathMapperScanner      : No MyBatis mapper was found in '[kr.co.greendae_personal]' package. Please check your configuration.
2025-03-20T09:11:40.575+09:00  INFO 16248 --- [greendae_personal] [restartedMain] o.s.b.w.embedded.tomcat.TomcatWebServer  : Tomcat initialized with port 8080 (http)
2025-03-20T09:11:40.575+09:00  INFO 16248 --- [greendae_personal] [restartedMain] o.apache.catalina.core.StandardService   : Starting service [Tomcat]
2025-03-20T09:11:40.575+09:00  INFO 16248 --- [greendae_personal] [restartedMain] o.apache.catalina.core.StandardEngine    : Starting Servlet engine: [Apache Tomcat/10.1.36]
2025-03-20T09:11:40.590+09:00  INFO 16248 --- [greendae_personal] [restartedMain] o.a.c.c.C.[.[.[/greendae_personal]       : Initializing Spring embedded WebApplicationContext
2025-03-20T09:11:40.590+09:00  INFO 16248 --- [greendae_personal] [restartedMain] w.s.c.ServletWebServerApplicationContext : Root WebApplicationContext: initialization completed in 227 ms
2025-03-20T09:11:40.613+09:00  INFO 16248 --- [greendae_personal] [restartedMain] o.hibernate.jpa.internal.util.LogHelper  : HHH000204: Processing PersistenceUnitInfo [name: default]
2025-03-20T09:11:40.616+09:00  INFO 16248 --- [greendae_personal] [restartedMain] o.h.c.internal.RegionFactoryInitiator    : HHH000026: Second-level cache disabled
2025-03-20T09:11:40.624+09:00  INFO 16248 --- [greendae_personal] [restartedMain] o.s.o.j.p.SpringPersistenceUnitInfo      : No LoadTimeWeaver setup: ignoring JPA class transformer
2025-03-20T09:11:40.625+09:00  INFO 16248 --- [greendae_personal] [restartedMain] com.zaxxer.hikari.HikariDataSource       : HikariPool-3 - Starting...
2025-03-20T09:11:40.633+09:00  INFO 16248 --- [greendae_personal] [restartedMain] com.zaxxer.hikari.pool.HikariPool        : HikariPool-3 - Added connection com.mysql.cj.jdbc.ConnectionImpl@29aa8e36
2025-03-20T09:11:40.633+09:00  INFO 16248 --- [greendae_personal] [restartedMain] com.zaxxer.hikari.HikariDataSource       : HikariPool-3 - Start completed.
2025-03-20T09:11:40.634+09:00  WARN 16248 --- [greendae_personal] [restartedMain] org.hibernate.orm.deprecation            : HHH90000025: MySQLDialect does not need to be specified explicitly using 'hibernate.dialect' (remove the property setting and it will be selected by default)
2025-03-20T09:11:40.634+09:00  INFO 16248 --- [greendae_personal] [restartedMain] org.hibernate.orm.connections.pooling    : HHH10001005: Database info:
	Database JDBC URL [Connecting through datasource 'HikariDataSource (HikariPool-3)']
	Database driver: undefined/unknown
	Database version: 8.4.3
	Autocommit mode: undefined/unknown
	Isolation level: undefined/unknown
	Minimum pool size: undefined/unknown
	Maximum pool size: undefined/unknown
2025-03-20T09:11:40.648+09:00  INFO 16248 --- [greendae_personal] [restartedMain] o.h.e.t.j.p.i.JtaPlatformInitiator       : HHH000489: No JTA platform available (set 'hibernate.transaction.jta.platform' to enable JTA platform integration)
2025-03-20T09:11:40.648+09:00  INFO 16248 --- [greendae_personal] [restartedMain] j.LocalContainerEntityManagerFactoryBean : Initialized JPA EntityManagerFactory for persistence unit 'default'
2025-03-20T09:11:40.660+09:00  WARN 16248 --- [greendae_personal] [restartedMain] JpaBaseConfiguration$JpaWebConfiguration : spring.jpa.open-in-view is enabled by default. Therefore, database queries may be performed during view rendering. Explicitly configure spring.jpa.open-in-view to disable this warning
2025-03-20T09:11:40.666+09:00  INFO 16248 --- [greendae_personal] [restartedMain] o.s.b.a.w.s.WelcomePageHandlerMapping    : Adding welcome page template: index
2025-03-20T09:11:40.734+09:00  WARN 16248 --- [greendae_personal] [restartedMain] .s.s.UserDetailsServiceAutoConfiguration : 

Using generated security password: a7640488-ac58-41e2-9fc7-bbaa21143408

This generated password is for development use only. Your security configuration must be updated before running your application in production.

2025-03-20T09:11:40.734+09:00  INFO 16248 --- [greendae_personal] [restartedMain] r$InitializeUserDetailsManagerConfigurer : Global AuthenticationManager configured with UserDetailsService bean with name inMemoryUserDetailsManager
2025-03-20T09:11:40.753+09:00  INFO 16248 --- [greendae_personal] [restartedMain] o.s.b.d.a.OptionalLiveReloadServer       : LiveReload server is running on port 35729
2025-03-20T09:11:40.761+09:00  INFO 16248 --- [greendae_personal] [restartedMain] o.s.b.w.embedded.tomcat.TomcatWebServer  : Tomcat started on port 8080 (http) with context path '/greendae_personal'
2025-03-20T09:11:40.765+09:00  INFO 16248 --- [greendae_personal] [restartedMain] k.c.g.GreendaePersonalApplication        : Started GreendaePersonalApplication in 0.424 seconds (process running for 103.202)
2025-03-20T09:11:40.766+09:00  INFO 16248 --- [greendae_personal] [restartedMain] .ConditionEvaluationDeltaLoggingListener : Condition evaluation unchanged
2025-03-20T09:12:56.068+09:00  INFO 16248 --- [greendae_personal] [http-nio-8080-exec-1] o.a.c.c.C.[.[.[/greendae_personal]       : Initializing Spring DispatcherServlet 'dispatcherServlet'
2025-03-20T09:12:56.069+09:00  INFO 16248 --- [greendae_personal] [http-nio-8080-exec-1] o.s.web.servlet.DispatcherServlet        : Initializing Servlet 'dispatcherServlet'
2025-03-20T09:12:56.070+09:00  INFO 16248 --- [greendae_personal] [http-nio-8080-exec-1] o.s.web.servlet.DispatcherServlet        : Completed initialization in 1 ms
2025-03-20T09:12:58.106+09:00  INFO 16248 --- [greendae_personal] [File Watcher] rtingClassPathChangeChangedEventListener : Restarting due to 98 class path changes (0 additions, 0 deletions, 98 modifications)
2025-03-20T09:12:58.106+09:00  INFO 16248 --- [greendae_personal] [Thread-11] o.s.b.w.e.tomcat.GracefulShutdown        : Commencing graceful shutdown. Waiting for active requests to complete
2025-03-20T09:12:58.168+09:00  INFO 16248 --- [greendae_personal] [tomcat-shutdown] o.s.b.w.e.tomcat.GracefulShutdown        : Graceful shutdown complete
2025-03-20T09:12:58.170+09:00  INFO 16248 --- [greendae_personal] [Thread-11] j.LocalContainerEntityManagerFactoryBean : Closing JPA EntityManagerFactory for persistence unit 'default'
2025-03-20T09:12:58.170+09:00  INFO 16248 --- [greendae_personal] [Thread-11] com.zaxxer.hikari.HikariDataSource       : HikariPool-3 - Shutdown initiated...
2025-03-20T09:12:58.173+09:00  INFO 16248 --- [greendae_personal] [Thread-11] com.zaxxer.hikari.HikariDataSource       : HikariPool-3 - Shutdown completed.
2025-03-20T09:12:58.232+09:00  INFO 16248 --- [greendae_personal] [restartedMain] k.c.g.GreendaePersonalApplication        : Starting GreendaePersonalApplication using Java 17.0.12 with PID 16248 (C:\Users\lotte6_SpringProject\Desktop\Workspace\greendae_personal\greendae_personal\build\classes\java\main started by lotte6_SpringProject in C:\Users\lotte6_SpringProject\Desktop\Workspace\greendae_personal\greendae_personal)
2025-03-20T09:12:58.233+09:00  INFO 16248 --- [greendae_personal] [restartedMain] k.c.g.GreendaePersonalApplication        : No active profile set, falling back to 1 default profile: "default"
2025-03-20T09:12:58.387+09:00  INFO 16248 --- [greendae_personal] [restartedMain] .s.d.r.c.RepositoryConfigurationDelegate : Bootstrapping Spring Data JPA repositories in DEFAULT mode.
2025-03-20T09:12:58.388+09:00  INFO 16248 --- [greendae_personal] [restartedMain] .s.d.r.c.RepositoryConfigurationDelegate : Finished Spring Data repository scanning in 0 ms. Found 0 JPA repository interfaces.
2025-03-20T09:12:58.422+09:00  WARN 16248 --- [greendae_personal] [restartedMain] o.m.s.mapper.ClassPathMapperScanner      : No MyBatis mapper was found in '[kr.co.greendae_personal]' package. Please check your configuration.
2025-03-20T09:12:58.462+09:00  INFO 16248 --- [greendae_personal] [restartedMain] o.s.b.w.embedded.tomcat.TomcatWebServer  : Tomcat initialized with port 8080 (http)
2025-03-20T09:12:58.462+09:00  INFO 16248 --- [greendae_personal] [restartedMain] o.apache.catalina.core.StandardService   : Starting service [Tomcat]
2025-03-20T09:12:58.462+09:00  INFO 16248 --- [greendae_personal] [restartedMain] o.apache.catalina.core.StandardEngine    : Starting Servlet engine: [Apache Tomcat/10.1.36]
2025-03-20T09:12:58.476+09:00  INFO 16248 --- [greendae_personal] [restartedMain] o.a.c.c.C.[.[.[/greendae_personal]       : Initializing Spring embedded WebApplicationContext
2025-03-20T09:12:58.476+09:00  INFO 16248 --- [greendae_personal] [restartedMain] w.s.c.ServletWebServerApplicationContext : Root WebApplicationContext: initialization completed in 242 ms
2025-03-20T09:12:58.500+09:00  INFO 16248 --- [greendae_personal] [restartedMain] o.hibernate.jpa.internal.util.LogHelper  : HHH000204: Processing PersistenceUnitInfo [name: default]
2025-03-20T09:12:58.504+09:00  INFO 16248 --- [greendae_personal] [restartedMain] o.h.c.internal.RegionFactoryInitiator    : HHH000026: Second-level cache disabled
2025-03-20T09:12:58.512+09:00  INFO 16248 --- [greendae_personal] [restartedMain] o.s.o.j.p.SpringPersistenceUnitInfo      : No LoadTimeWeaver setup: ignoring JPA class transformer
2025-03-20T09:12:58.513+09:00  INFO 16248 --- [greendae_personal] [restartedMain] com.zaxxer.hikari.HikariDataSource       : HikariPool-4 - Starting...
2025-03-20T09:12:58.523+09:00  INFO 16248 --- [greendae_personal] [restartedMain] com.zaxxer.hikari.pool.HikariPool        : HikariPool-4 - Added connection com.mysql.cj.jdbc.ConnectionImpl@3d11da5c
2025-03-20T09:12:58.523+09:00  INFO 16248 --- [greendae_personal] [restartedMain] com.zaxxer.hikari.HikariDataSource       : HikariPool-4 - Start completed.
2025-03-20T09:12:58.524+09:00  WARN 16248 --- [greendae_personal] [restartedMain] org.hibernate.orm.deprecation            : HHH90000025: MySQLDialect does not need to be specified explicitly using 'hibernate.dialect' (remove the property setting and it will be selected by default)
2025-03-20T09:12:58.524+09:00  INFO 16248 --- [greendae_personal] [restartedMain] org.hibernate.orm.connections.pooling    : HHH10001005: Database info:
	Database JDBC URL [Connecting through datasource 'HikariDataSource (HikariPool-4)']
	Database driver: undefined/unknown
	Database version: 8.4.3
	Autocommit mode: undefined/unknown
	Isolation level: undefined/unknown
	Minimum pool size: undefined/unknown
	Maximum pool size: undefined/unknown
2025-03-20T09:12:58.538+09:00  INFO 16248 --- [greendae_personal] [restartedMain] o.h.e.t.j.p.i.JtaPlatformInitiator       : HHH000489: No JTA platform available (set 'hibernate.transaction.jta.platform' to enable JTA platform integration)
2025-03-20T09:12:58.539+09:00  INFO 16248 --- [greendae_personal] [restartedMain] j.LocalContainerEntityManagerFactoryBean : Initialized JPA EntityManagerFactory for persistence unit 'default'
2025-03-20T09:12:58.552+09:00  WARN 16248 --- [greendae_personal] [restartedMain] JpaBaseConfiguration$JpaWebConfiguration : spring.jpa.open-in-view is enabled by default. Therefore, database queries may be performed during view rendering. Explicitly configure spring.jpa.open-in-view to disable this warning
2025-03-20T09:12:58.560+09:00  INFO 16248 --- [greendae_personal] [restartedMain] o.s.b.a.w.s.WelcomePageHandlerMapping    : Adding welcome page template: index
2025-03-20T09:12:58.640+09:00  WARN 16248 --- [greendae_personal] [restartedMain] .s.s.UserDetailsServiceAutoConfiguration : 

Using generated security password: 459d7bc3-af10-43ff-b3e5-0a4fc7f73df7

This generated password is for development use only. Your security configuration must be updated before running your application in production.

2025-03-20T09:12:58.641+09:00  INFO 16248 --- [greendae_personal] [restartedMain] r$InitializeUserDetailsManagerConfigurer : Global AuthenticationManager configured with UserDetailsService bean with name inMemoryUserDetailsManager
2025-03-20T09:12:58.660+09:00  INFO 16248 --- [greendae_personal] [restartedMain] o.s.b.d.a.OptionalLiveReloadServer       : LiveReload server is running on port 35729
2025-03-20T09:12:58.669+09:00  INFO 16248 --- [greendae_personal] [restartedMain] o.s.b.w.embedded.tomcat.TomcatWebServer  : Tomcat started on port 8080 (http) with context path '/greendae_personal'
2025-03-20T09:12:58.672+09:00  INFO 16248 --- [greendae_personal] [restartedMain] k.c.g.GreendaePersonalApplication        : Started GreendaePersonalApplication in 0.462 seconds (process running for 181.109)
2025-03-20T09:12:58.673+09:00  INFO 16248 --- [greendae_personal] [restartedMain] .ConditionEvaluationDeltaLoggingListener : Condition evaluation unchanged
2025-03-20T09:12:59.593+09:00  INFO 16248 --- [greendae_personal] [http-nio-8080-exec-1] o.a.c.c.C.[.[.[/greendae_personal]       : Initializing Spring DispatcherServlet 'dispatcherServlet'
2025-03-20T09:12:59.593+09:00  INFO 16248 --- [greendae_personal] [http-nio-8080-exec-1] o.s.web.servlet.DispatcherServlet        : Initializing Servlet 'dispatcherServlet'
2025-03-20T09:12:59.594+09:00  INFO 16248 --- [greendae_personal] [http-nio-8080-exec-1] o.s.web.servlet.DispatcherServlet        : Completed initialization in 1 ms
2025-03-20T09:13:48.337+09:00  INFO 16248 --- [greendae_personal] [File Watcher] rtingClassPathChangeChangedEventListener : Restarting due to 98 class path changes (0 additions, 0 deletions, 98 modifications)
2025-03-20T09:13:48.338+09:00  INFO 16248 --- [greendae_personal] [Thread-15] o.s.b.w.e.tomcat.GracefulShutdown        : Commencing graceful shutdown. Waiting for active requests to complete
2025-03-20T09:13:48.417+09:00  INFO 16248 --- [greendae_personal] [tomcat-shutdown] o.s.b.w.e.tomcat.GracefulShutdown        : Graceful shutdown complete
2025-03-20T09:13:48.419+09:00  INFO 16248 --- [greendae_personal] [Thread-15] j.LocalContainerEntityManagerFactoryBean : Closing JPA EntityManagerFactory for persistence unit 'default'
2025-03-20T09:13:48.419+09:00  INFO 16248 --- [greendae_personal] [Thread-15] com.zaxxer.hikari.HikariDataSource       : HikariPool-4 - Shutdown initiated...
2025-03-20T09:13:48.422+09:00  INFO 16248 --- [greendae_personal] [Thread-15] com.zaxxer.hikari.HikariDataSource       : HikariPool-4 - Shutdown completed.
2025-03-20T09:13:48.480+09:00  INFO 16248 --- [greendae_personal] [restartedMain] k.c.g.GreendaePersonalApplication        : Starting GreendaePersonalApplication using Java 17.0.12 with PID 16248 (C:\Users\lotte6_SpringProject\Desktop\Workspace\greendae_personal\greendae_personal\build\classes\java\main started by lotte6_SpringProject in C:\Users\lotte6_SpringProject\Desktop\Workspace\greendae_personal\greendae_personal)
2025-03-20T09:13:48.480+09:00  INFO 16248 --- [greendae_personal] [restartedMain] k.c.g.GreendaePersonalApplication        : No active profile set, falling back to 1 default profile: "default"
2025-03-20T09:13:48.644+09:00  INFO 16248 --- [greendae_personal] [restartedMain] .s.d.r.c.RepositoryConfigurationDelegate : Bootstrapping Spring Data JPA repositories in DEFAULT mode.
2025-03-20T09:13:48.646+09:00  INFO 16248 --- [greendae_personal] [restartedMain] .s.d.r.c.RepositoryConfigurationDelegate : Finished Spring Data repository scanning in 0 ms. Found 0 JPA repository interfaces.
2025-03-20T09:13:48.680+09:00  WARN 16248 --- [greendae_personal] [restartedMain] o.m.s.mapper.ClassPathMapperScanner      : No MyBatis mapper was found in '[kr.co.greendae_personal]' package. Please check your configuration.
2025-03-20T09:13:48.720+09:00  INFO 16248 --- [greendae_personal] [restartedMain] o.s.b.w.embedded.tomcat.TomcatWebServer  : Tomcat initialized with port 8080 (http)
2025-03-20T09:13:48.720+09:00  INFO 16248 --- [greendae_personal] [restartedMain] o.apache.catalina.core.StandardService   : Starting service [Tomcat]
2025-03-20T09:13:48.720+09:00  INFO 16248 --- [greendae_personal] [restartedMain] o.apache.catalina.core.StandardEngine    : Starting Servlet engine: [Apache Tomcat/10.1.36]
2025-03-20T09:13:48.735+09:00  INFO 16248 --- [greendae_personal] [restartedMain] o.a.c.c.C.[.[.[/greendae_personal]       : Initializing Spring embedded WebApplicationContext
2025-03-20T09:13:48.735+09:00  INFO 16248 --- [greendae_personal] [restartedMain] w.s.c.ServletWebServerApplicationContext : Root WebApplicationContext: initialization completed in 253 ms
2025-03-20T09:13:48.761+09:00  INFO 16248 --- [greendae_personal] [restartedMain] o.hibernate.jpa.internal.util.LogHelper  : HHH000204: Processing PersistenceUnitInfo [name: default]
2025-03-20T09:13:48.765+09:00  INFO 16248 --- [greendae_personal] [restartedMain] o.h.c.internal.RegionFactoryInitiator    : HHH000026: Second-level cache disabled
2025-03-20T09:13:48.772+09:00  INFO 16248 --- [greendae_personal] [restartedMain] o.s.o.j.p.SpringPersistenceUnitInfo      : No LoadTimeWeaver setup: ignoring JPA class transformer
2025-03-20T09:13:48.773+09:00  INFO 16248 --- [greendae_personal] [restartedMain] com.zaxxer.hikari.HikariDataSource       : HikariPool-5 - Starting...
2025-03-20T09:13:48.782+09:00  INFO 16248 --- [greendae_personal] [restartedMain] com.zaxxer.hikari.pool.HikariPool        : HikariPool-5 - Added connection com.mysql.cj.jdbc.ConnectionImpl@7455c6da
2025-03-20T09:13:48.782+09:00  INFO 16248 --- [greendae_personal] [restartedMain] com.zaxxer.hikari.HikariDataSource       : HikariPool-5 - Start completed.
2025-03-20T09:13:48.784+09:00  WARN 16248 --- [greendae_personal] [restartedMain] org.hibernate.orm.deprecation            : HHH90000025: MySQLDialect does not need to be specified explicitly using 'hibernate.dialect' (remove the property setting and it will be selected by default)
2025-03-20T09:13:48.784+09:00  INFO 16248 --- [greendae_personal] [restartedMain] org.hibernate.orm.connections.pooling    : HHH10001005: Database info:
	Database JDBC URL [Connecting through datasource 'HikariDataSource (HikariPool-5)']
	Database driver: undefined/unknown
	Database version: 8.4.3
	Autocommit mode: undefined/unknown
	Isolation level: undefined/unknown
	Minimum pool size: undefined/unknown
	Maximum pool size: undefined/unknown
2025-03-20T09:13:48.799+09:00  INFO 16248 --- [greendae_personal] [restartedMain] o.h.e.t.j.p.i.JtaPlatformInitiator       : HHH000489: No JTA platform available (set 'hibernate.transaction.jta.platform' to enable JTA platform integration)
2025-03-20T09:13:48.799+09:00  INFO 16248 --- [greendae_personal] [restartedMain] j.LocalContainerEntityManagerFactoryBean : Initialized JPA EntityManagerFactory for persistence unit 'default'
2025-03-20T09:13:48.811+09:00  WARN 16248 --- [greendae_personal] [restartedMain] JpaBaseConfiguration$JpaWebConfiguration : spring.jpa.open-in-view is enabled by default. Therefore, database queries may be performed during view rendering. Explicitly configure spring.jpa.open-in-view to disable this warning
2025-03-20T09:13:48.817+09:00  INFO 16248 --- [greendae_personal] [restartedMain] o.s.b.a.w.s.WelcomePageHandlerMapping    : Adding welcome page template: index
2025-03-20T09:13:48.887+09:00  WARN 16248 --- [greendae_personal] [restartedMain] .s.s.UserDetailsServiceAutoConfiguration : 

Using generated security password: f41a66e0-757b-4eda-aa7f-bbc29b715394

This generated password is for development use only. Your security configuration must be updated before running your application in production.

2025-03-20T09:13:48.887+09:00  INFO 16248 --- [greendae_personal] [restartedMain] r$InitializeUserDetailsManagerConfigurer : Global AuthenticationManager configured with UserDetailsService bean with name inMemoryUserDetailsManager
2025-03-20T09:13:48.914+09:00  INFO 16248 --- [greendae_personal] [restartedMain] o.s.b.d.a.OptionalLiveReloadServer       : LiveReload server is running on port 35729
2025-03-20T09:13:48.923+09:00  INFO 16248 --- [greendae_personal] [restartedMain] o.s.b.w.embedded.tomcat.TomcatWebServer  : Tomcat started on port 8080 (http) with context path '/greendae_personal'
2025-03-20T09:13:48.928+09:00  INFO 16248 --- [greendae_personal] [restartedMain] k.c.g.GreendaePersonalApplication        : Started GreendaePersonalApplication in 0.47 seconds (process running for 231.365)
2025-03-20T09:13:48.929+09:00  INFO 16248 --- [greendae_personal] [restartedMain] .ConditionEvaluationDeltaLoggingListener : Condition evaluation unchanged
2025-03-20T09:14:13.604+09:00  INFO 16248 --- [greendae_personal] [http-nio-8080-exec-1] o.a.c.c.C.[.[.[/greendae_personal]       : Initializing Spring DispatcherServlet 'dispatcherServlet'
2025-03-20T09:14:13.604+09:00  INFO 16248 --- [greendae_personal] [http-nio-8080-exec-1] o.s.web.servlet.DispatcherServlet        : Initializing Servlet 'dispatcherServlet'
2025-03-20T09:14:13.605+09:00  INFO 16248 --- [greendae_personal] [http-nio-8080-exec-1] o.s.web.servlet.DispatcherServlet        : Completed initialization in 1 ms
2025-03-20T09:14:15.428+09:00  INFO 16248 --- [greendae_personal] [File Watcher] rtingClassPathChangeChangedEventListener : Restarting due to 98 class path changes (0 additions, 0 deletions, 98 modifications)
2025-03-20T09:14:15.428+09:00  INFO 16248 --- [greendae_personal] [Thread-19] o.s.b.w.e.tomcat.GracefulShutdown        : Commencing graceful shutdown. Waiting for active requests to complete
2025-03-20T09:14:15.500+09:00  INFO 16248 --- [greendae_personal] [tomcat-shutdown] o.s.b.w.e.tomcat.GracefulShutdown        : Graceful shutdown complete
2025-03-20T09:14:15.502+09:00  INFO 16248 --- [greendae_personal] [Thread-19] j.LocalContainerEntityManagerFactoryBean : Closing JPA EntityManagerFactory for persistence unit 'default'
2025-03-20T09:14:15.502+09:00  INFO 16248 --- [greendae_personal] [Thread-19] com.zaxxer.hikari.HikariDataSource       : HikariPool-5 - Shutdown initiated...
2025-03-20T09:14:15.506+09:00  INFO 16248 --- [greendae_personal] [Thread-19] com.zaxxer.hikari.HikariDataSource       : HikariPool-5 - Shutdown completed.
2025-03-20T09:14:15.567+09:00  INFO 16248 --- [greendae_personal] [restartedMain] k.c.g.GreendaePersonalApplication        : Starting GreendaePersonalApplication using Java 17.0.12 with PID 16248 (C:\Users\lotte6_SpringProject\Desktop\Workspace\greendae_personal\greendae_personal\build\classes\java\main started by lotte6_SpringProject in C:\Users\lotte6_SpringProject\Desktop\Workspace\greendae_personal\greendae_personal)
2025-03-20T09:14:15.567+09:00  INFO 16248 --- [greendae_personal] [restartedMain] k.c.g.GreendaePersonalApplication        : No active profile set, falling back to 1 default profile: "default"
2025-03-20T09:14:15.718+09:00  INFO 16248 --- [greendae_personal] [restartedMain] .s.d.r.c.RepositoryConfigurationDelegate : Bootstrapping Spring Data JPA repositories in DEFAULT mode.
2025-03-20T09:14:15.719+09:00  INFO 16248 --- [greendae_personal] [restartedMain] .s.d.r.c.RepositoryConfigurationDelegate : Finished Spring Data repository scanning in 0 ms. Found 0 JPA repository interfaces.
2025-03-20T09:14:15.750+09:00  WARN 16248 --- [greendae_personal] [restartedMain] o.m.s.mapper.ClassPathMapperScanner      : No MyBatis mapper was found in '[kr.co.greendae_personal]' package. Please check your configuration.
2025-03-20T09:14:15.784+09:00  INFO 16248 --- [greendae_personal] [restartedMain] o.s.b.w.embedded.tomcat.TomcatWebServer  : Tomcat initialized with port 8080 (http)
2025-03-20T09:14:15.784+09:00  INFO 16248 --- [greendae_personal] [restartedMain] o.apache.catalina.core.StandardService   : Starting service [Tomcat]
2025-03-20T09:14:15.784+09:00  INFO 16248 --- [greendae_personal] [restartedMain] o.apache.catalina.core.StandardEngine    : Starting Servlet engine: [Apache Tomcat/10.1.36]
2025-03-20T09:14:15.798+09:00  INFO 16248 --- [greendae_personal] [restartedMain] o.a.c.c.C.[.[.[/greendae_personal]       : Initializing Spring embedded WebApplicationContext
2025-03-20T09:14:15.799+09:00  INFO 16248 --- [greendae_personal] [restartedMain] w.s.c.ServletWebServerApplicationContext : Root WebApplicationContext: initialization completed in 231 ms
2025-03-20T09:14:15.822+09:00  INFO 16248 --- [greendae_personal] [restartedMain] o.hibernate.jpa.internal.util.LogHelper  : HHH000204: Processing PersistenceUnitInfo [name: default]
2025-03-20T09:14:15.826+09:00  INFO 16248 --- [greendae_personal] [restartedMain] o.h.c.internal.RegionFactoryInitiator    : HHH000026: Second-level cache disabled
2025-03-20T09:14:15.835+09:00  INFO 16248 --- [greendae_personal] [restartedMain] o.s.o.j.p.SpringPersistenceUnitInfo      : No LoadTimeWeaver setup: ignoring JPA class transformer
2025-03-20T09:14:15.836+09:00  INFO 16248 --- [greendae_personal] [restartedMain] com.zaxxer.hikari.HikariDataSource       : HikariPool-6 - Starting...
2025-03-20T09:14:15.845+09:00  INFO 16248 --- [greendae_personal] [restartedMain] com.zaxxer.hikari.pool.HikariPool        : HikariPool-6 - Added connection com.mysql.cj.jdbc.ConnectionImpl@1f633ab2
2025-03-20T09:14:15.845+09:00  INFO 16248 --- [greendae_personal] [restartedMain] com.zaxxer.hikari.HikariDataSource       : HikariPool-6 - Start completed.
2025-03-20T09:14:15.846+09:00  WARN 16248 --- [greendae_personal] [restartedMain] org.hibernate.orm.deprecation            : HHH90000025: MySQLDialect does not need to be specified explicitly using 'hibernate.dialect' (remove the property setting and it will be selected by default)
2025-03-20T09:14:15.846+09:00  INFO 16248 --- [greendae_personal] [restartedMain] org.hibernate.orm.connections.pooling    : HHH10001005: Database info:
	Database JDBC URL [Connecting through datasource 'HikariDataSource (HikariPool-6)']
	Database driver: undefined/unknown
	Database version: 8.4.3
	Autocommit mode: undefined/unknown
	Isolation level: undefined/unknown
	Minimum pool size: undefined/unknown
	Maximum pool size: undefined/unknown
2025-03-20T09:14:15.859+09:00  INFO 16248 --- [greendae_personal] [restartedMain] o.h.e.t.j.p.i.JtaPlatformInitiator       : HHH000489: No JTA platform available (set 'hibernate.transaction.jta.platform' to enable JTA platform integration)
2025-03-20T09:14:15.860+09:00  INFO 16248 --- [greendae_personal] [restartedMain] j.LocalContainerEntityManagerFactoryBean : Initialized JPA EntityManagerFactory for persistence unit 'default'
2025-03-20T09:14:15.871+09:00  WARN 16248 --- [greendae_personal] [restartedMain] JpaBaseConfiguration$JpaWebConfiguration : spring.jpa.open-in-view is enabled by default. Therefore, database queries may be performed during view rendering. Explicitly configure spring.jpa.open-in-view to disable this warning
2025-03-20T09:14:15.877+09:00  INFO 16248 --- [greendae_personal] [restartedMain] o.s.b.a.w.s.WelcomePageHandlerMapping    : Adding welcome page template: index
2025-03-20T09:14:15.943+09:00  WARN 16248 --- [greendae_personal] [restartedMain] .s.s.UserDetailsServiceAutoConfiguration : 

Using generated security password: c124c076-fb64-497f-8fe9-9bee35326903

This generated password is for development use only. Your security configuration must be updated before running your application in production.

2025-03-20T09:14:15.944+09:00  INFO 16248 --- [greendae_personal] [restartedMain] r$InitializeUserDetailsManagerConfigurer : Global AuthenticationManager configured with UserDetailsService bean with name inMemoryUserDetailsManager
2025-03-20T09:14:15.962+09:00  INFO 16248 --- [greendae_personal] [restartedMain] o.s.b.d.a.OptionalLiveReloadServer       : LiveReload server is running on port 35729
2025-03-20T09:14:15.969+09:00  INFO 16248 --- [greendae_personal] [restartedMain] o.s.b.w.embedded.tomcat.TomcatWebServer  : Tomcat started on port 8080 (http) with context path '/greendae_personal'
2025-03-20T09:14:15.973+09:00  INFO 16248 --- [greendae_personal] [restartedMain] k.c.g.GreendaePersonalApplication        : Started GreendaePersonalApplication in 0.429 seconds (process running for 258.41)
2025-03-20T09:14:15.974+09:00  INFO 16248 --- [greendae_personal] [restartedMain] .ConditionEvaluationDeltaLoggingListener : Condition evaluation unchanged
2025-03-20T09:14:16.053+09:00  INFO 16248 --- [greendae_personal] [http-nio-8080-exec-1] o.a.c.c.C.[.[.[/greendae_personal]       : Initializing Spring DispatcherServlet 'dispatcherServlet'
2025-03-20T09:14:16.054+09:00  INFO 16248 --- [greendae_personal] [http-nio-8080-exec-1] o.s.web.servlet.DispatcherServlet        : Initializing Servlet 'dispatcherServlet'
2025-03-20T09:14:16.055+09:00  INFO 16248 --- [greendae_personal] [http-nio-8080-exec-1] o.s.web.servlet.DispatcherServlet        : Completed initialization in 1 ms
2025-03-20T09:14:57.551+09:00  INFO 16248 --- [greendae_personal] [File Watcher] rtingClassPathChangeChangedEventListener : Restarting due to 98 class path changes (0 additions, 0 deletions, 98 modifications)
2025-03-20T09:14:57.552+09:00  INFO 16248 --- [greendae_personal] [Thread-23] o.s.b.w.e.tomcat.GracefulShutdown        : Commencing graceful shutdown. Waiting for active requests to complete
2025-03-20T09:14:57.621+09:00  INFO 16248 --- [greendae_personal] [tomcat-shutdown] o.s.b.w.e.tomcat.GracefulShutdown        : Graceful shutdown complete
2025-03-20T09:14:57.622+09:00  INFO 16248 --- [greendae_personal] [Thread-23] j.LocalContainerEntityManagerFactoryBean : Closing JPA EntityManagerFactory for persistence unit 'default'
2025-03-20T09:14:57.623+09:00  INFO 16248 --- [greendae_personal] [Thread-23] com.zaxxer.hikari.HikariDataSource       : HikariPool-6 - Shutdown initiated...
2025-03-20T09:14:57.625+09:00  INFO 16248 --- [greendae_personal] [Thread-23] com.zaxxer.hikari.HikariDataSource       : HikariPool-6 - Shutdown completed.
2025-03-20T09:14:57.677+09:00  INFO 16248 --- [greendae_personal] [restartedMain] k.c.g.GreendaePersonalApplication        : Starting GreendaePersonalApplication using Java 17.0.12 with PID 16248 (C:\Users\lotte6_SpringProject\Desktop\Workspace\greendae_personal\greendae_personal\build\classes\java\main started by lotte6_SpringProject in C:\Users\lotte6_SpringProject\Desktop\Workspace\greendae_personal\greendae_personal)
2025-03-20T09:14:57.677+09:00  INFO 16248 --- [greendae_personal] [restartedMain] k.c.g.GreendaePersonalApplication        : No active profile set, falling back to 1 default profile: "default"
2025-03-20T09:14:57.839+09:00  INFO 16248 --- [greendae_personal] [restartedMain] .s.d.r.c.RepositoryConfigurationDelegate : Bootstrapping Spring Data JPA repositories in DEFAULT mode.
2025-03-20T09:14:57.840+09:00  INFO 16248 --- [greendae_personal] [restartedMain] .s.d.r.c.RepositoryConfigurationDelegate : Finished Spring Data repository scanning in 0 ms. Found 0 JPA repository interfaces.
2025-03-20T09:14:57.871+09:00  WARN 16248 --- [greendae_personal] [restartedMain] o.m.s.mapper.ClassPathMapperScanner      : No MyBatis mapper was found in '[kr.co.greendae_personal]' package. Please check your configuration.
2025-03-20T09:14:57.905+09:00  INFO 16248 --- [greendae_personal] [restartedMain] o.s.b.w.embedded.tomcat.TomcatWebServer  : Tomcat initialized with port 8080 (http)
2025-03-20T09:14:57.906+09:00  INFO 16248 --- [greendae_personal] [restartedMain] o.apache.catalina.core.StandardService   : Starting service [Tomcat]
2025-03-20T09:14:57.906+09:00  INFO 16248 --- [greendae_personal] [restartedMain] o.apache.catalina.core.StandardEngine    : Starting Servlet engine: [Apache Tomcat/10.1.36]
2025-03-20T09:14:57.920+09:00  INFO 16248 --- [greendae_personal] [restartedMain] o.a.c.c.C.[.[.[/greendae_personal]       : Initializing Spring embedded WebApplicationContext
2025-03-20T09:14:57.920+09:00  INFO 16248 --- [greendae_personal] [restartedMain] w.s.c.ServletWebServerApplicationContext : Root WebApplicationContext: initialization completed in 240 ms
2025-03-20T09:14:57.946+09:00  INFO 16248 --- [greendae_personal] [restartedMain] o.hibernate.jpa.internal.util.LogHelper  : HHH000204: Processing PersistenceUnitInfo [name: default]
2025-03-20T09:14:57.950+09:00  INFO 16248 --- [greendae_personal] [restartedMain] o.h.c.internal.RegionFactoryInitiator    : HHH000026: Second-level cache disabled
2025-03-20T09:14:57.957+09:00  INFO 16248 --- [greendae_personal] [restartedMain] o.s.o.j.p.SpringPersistenceUnitInfo      : No LoadTimeWeaver setup: ignoring JPA class transformer
2025-03-20T09:14:57.958+09:00  INFO 16248 --- [greendae_personal] [restartedMain] com.zaxxer.hikari.HikariDataSource       : HikariPool-7 - Starting...
2025-03-20T09:14:57.967+09:00  INFO 16248 --- [greendae_personal] [restartedMain] com.zaxxer.hikari.pool.HikariPool        : HikariPool-7 - Added connection com.mysql.cj.jdbc.ConnectionImpl@2a83755e
2025-03-20T09:14:57.967+09:00  INFO 16248 --- [greendae_personal] [restartedMain] com.zaxxer.hikari.HikariDataSource       : HikariPool-7 - Start completed.
2025-03-20T09:14:57.968+09:00  WARN 16248 --- [greendae_personal] [restartedMain] org.hibernate.orm.deprecation            : HHH90000025: MySQLDialect does not need to be specified explicitly using 'hibernate.dialect' (remove the property setting and it will be selected by default)
2025-03-20T09:14:57.968+09:00  INFO 16248 --- [greendae_personal] [restartedMain] org.hibernate.orm.connections.pooling    : HHH10001005: Database info:
	Database JDBC URL [Connecting through datasource 'HikariDataSource (HikariPool-7)']
	Database driver: undefined/unknown
	Database version: 8.4.3
	Autocommit mode: undefined/unknown
	Isolation level: undefined/unknown
	Minimum pool size: undefined/unknown
	Maximum pool size: undefined/unknown
2025-03-20T09:14:57.982+09:00  INFO 16248 --- [greendae_personal] [restartedMain] o.h.e.t.j.p.i.JtaPlatformInitiator       : HHH000489: No JTA platform available (set 'hibernate.transaction.jta.platform' to enable JTA platform integration)
2025-03-20T09:14:57.982+09:00  INFO 16248 --- [greendae_personal] [restartedMain] j.LocalContainerEntityManagerFactoryBean : Initialized JPA EntityManagerFactory for persistence unit 'default'
2025-03-20T09:14:57.996+09:00  WARN 16248 --- [greendae_personal] [restartedMain] JpaBaseConfiguration$JpaWebConfiguration : spring.jpa.open-in-view is enabled by default. Therefore, database queries may be performed during view rendering. Explicitly configure spring.jpa.open-in-view to disable this warning
2025-03-20T09:14:58.002+09:00  INFO 16248 --- [greendae_personal] [restartedMain] o.s.b.a.w.s.WelcomePageHandlerMapping    : Adding welcome page template: index
2025-03-20T09:14:58.078+09:00  WARN 16248 --- [greendae_personal] [restartedMain] .s.s.UserDetailsServiceAutoConfiguration : 

Using generated security password: 9ae42e71-b5f8-401e-9e5a-f2a6ebaf6a7b

This generated password is for development use only. Your security configuration must be updated before running your application in production.

2025-03-20T09:14:58.079+09:00  INFO 16248 --- [greendae_personal] [restartedMain] r$InitializeUserDetailsManagerConfigurer : Global AuthenticationManager configured with UserDetailsService bean with name inMemoryUserDetailsManager
2025-03-20T09:14:58.097+09:00  INFO 16248 --- [greendae_personal] [restartedMain] o.s.b.d.a.OptionalLiveReloadServer       : LiveReload server is running on port 35729
2025-03-20T09:14:58.104+09:00  INFO 16248 --- [greendae_personal] [restartedMain] o.s.b.w.embedded.tomcat.TomcatWebServer  : Tomcat started on port 8080 (http) with context path '/greendae_personal'
2025-03-20T09:14:58.108+09:00  INFO 16248 --- [greendae_personal] [restartedMain] k.c.g.GreendaePersonalApplication        : Started GreendaePersonalApplication in 0.451 seconds (process running for 300.545)
2025-03-20T09:14:58.109+09:00  INFO 16248 --- [greendae_personal] [restartedMain] .ConditionEvaluationDeltaLoggingListener : Condition evaluation unchanged
2025-03-20T09:20:49.007+09:00  INFO 16248 --- [greendae_personal] [SpringApplicationShutdownHook] o.s.b.w.e.tomcat.GracefulShutdown        : Commencing graceful shutdown. Waiting for active requests to complete
2025-03-20T09:20:49.080+09:00  INFO 16248 --- [greendae_personal] [tomcat-shutdown] o.s.b.w.e.tomcat.GracefulShutdown        : Graceful shutdown complete
2025-03-20T09:20:49.083+09:00  INFO 16248 --- [greendae_personal] [SpringApplicationShutdownHook] j.LocalContainerEntityManagerFactoryBean : Closing JPA EntityManagerFactory for persistence unit 'default'
2025-03-20T09:20:49.083+09:00  INFO 16248 --- [greendae_personal] [SpringApplicationShutdownHook] com.zaxxer.hikari.HikariDataSource       : HikariPool-7 - Shutdown initiated...
2025-03-20T09:20:49.086+09:00  INFO 16248 --- [greendae_personal] [SpringApplicationShutdownHook] com.zaxxer.hikari.HikariDataSource       : HikariPool-7 - Shutdown completed.
